[INFO] [2020-04-28 22:54:16,530] Training epoch 0
[INFO] [2020-04-28 22:54:37,216] 

[INFO] [2020-04-28 22:54:37,218] train step:      0, epoch:   0, loss: 26.805918, lr: 0.007000
[INFO] [2020-04-28 22:54:37,226] bce_loss: 4.417212
[INFO] [2020-04-28 22:54:37,237] thresh_loss: 0.936334
[INFO] [2020-04-28 22:54:37,243] l1_loss: 0.378352
[INFO] [2020-04-28 22:55:03,091] Training epoch 1
[INFO] [2020-04-28 22:55:46,855] Training epoch 2
[INFO] [2020-04-28 22:56:31,036] Training epoch 3
[INFO] [2020-04-28 22:57:13,874] Training epoch 4
[INFO] [2020-04-28 22:57:52,735] 

[INFO] [2020-04-28 22:57:53,060] train step:    100, epoch:   4, loss: 2.774272, lr: 0.006979
[INFO] [2020-04-28 22:57:53,061] bce_loss: 0.328261
[INFO] [2020-04-28 22:57:53,061] thresh_loss: 0.357515
[INFO] [2020-04-28 22:57:53,061] l1_loss: 0.077545
[INFO] [2020-04-28 22:57:57,860] Training epoch 5
[INFO] [2020-04-28 22:58:41,489] Training epoch 6
[INFO] [2020-04-28 22:59:25,867] Training epoch 7
[INFO] [2020-04-28 23:00:10,781] Training epoch 8
[INFO] [2020-04-28 23:00:54,502] Training epoch 9
[INFO] [2020-04-28 23:01:28,507] 

[INFO] [2020-04-28 23:01:28,876] train step:    200, epoch:   9, loss: 2.298700, lr: 0.006953
[INFO] [2020-04-28 23:01:28,891] bce_loss: 0.273100
[INFO] [2020-04-28 23:01:28,895] thresh_loss: 0.254345
[INFO] [2020-04-28 23:01:28,900] l1_loss: 0.067886
[INFO] [2020-04-28 23:01:40,758] Training epoch 10
[INFO] [2020-04-28 23:02:25,664] Training epoch 11
[INFO] [2020-04-28 23:03:09,870] Training epoch 12
[INFO] [2020-04-28 23:03:54,694] Training epoch 13
[INFO] [2020-04-28 23:04:41,015] Training epoch 14
[INFO] [2020-04-28 23:05:05,218] 

[INFO] [2020-04-28 23:05:05,568] train step:    300, epoch:  14, loss: 2.258805, lr: 0.006927
[INFO] [2020-04-28 23:05:05,574] bce_loss: 0.261215
[INFO] [2020-04-28 23:05:05,575] thresh_loss: 0.238604
[INFO] [2020-04-28 23:05:05,575] l1_loss: 0.071413
[INFO] [2020-04-28 23:05:27,044] Training epoch 15
[INFO] [2020-04-28 23:06:14,967] Training epoch 16
[INFO] [2020-04-28 23:06:59,569] Training epoch 17
[INFO] [2020-04-28 23:07:43,573] Training epoch 18
[INFO] [2020-04-28 23:08:25,720] Training epoch 19
[INFO] [2020-04-28 23:08:41,186] 

[INFO] [2020-04-28 23:08:41,496] train step:    400, epoch:  19, loss: 2.211658, lr: 0.006900
[INFO] [2020-04-28 23:08:41,502] bce_loss: 0.256711
[INFO] [2020-04-28 23:08:41,503] thresh_loss: 0.216779
[INFO] [2020-04-28 23:08:41,503] l1_loss: 0.071132
[INFO] [2020-04-28 23:09:08,844] Training epoch 20
[INFO] [2020-04-28 23:09:51,115] Training epoch 21
[INFO] [2020-04-28 23:10:34,334] Training epoch 22
[INFO] [2020-04-28 23:11:17,634] Training epoch 23
[INFO] [2020-04-28 23:11:57,152] 

[INFO] [2020-04-28 23:11:57,474] train step:    500, epoch:  23, loss: 1.929199, lr: 0.006879
[INFO] [2020-04-28 23:11:57,476] bce_loss: 0.226319
[INFO] [2020-04-28 23:11:57,476] thresh_loss: 0.190171
[INFO] [2020-04-28 23:11:57,476] l1_loss: 0.060743
[INFO] [2020-04-28 23:12:00,897] Training epoch 24
[INFO] [2020-04-28 23:12:44,058] Training epoch 25
[INFO] [2020-04-28 23:13:28,066] Training epoch 26
[INFO] [2020-04-28 23:14:12,071] Training epoch 27
[INFO] [2020-04-28 23:14:54,539] Training epoch 28
[INFO] [2020-04-28 23:15:28,348] 

[INFO] [2020-04-28 23:15:28,661] train step:    600, epoch:  28, loss: 2.109529, lr: 0.006853
[INFO] [2020-04-28 23:15:28,664] bce_loss: 0.253657
[INFO] [2020-04-28 23:15:28,665] thresh_loss: 0.222410
[INFO] [2020-04-28 23:15:28,666] l1_loss: 0.061883
[INFO] [2020-04-28 23:15:38,527] Training epoch 29
[INFO] [2020-04-28 23:16:22,075] Training epoch 30
[INFO] [2020-04-28 23:17:05,817] Training epoch 31
[INFO] [2020-04-28 23:17:48,467] Training epoch 32
[INFO] [2020-04-28 23:18:32,886] Training epoch 33
[INFO] [2020-04-28 23:18:57,501] 

[INFO] [2020-04-28 23:18:57,808] train step:    700, epoch:  33, loss: 2.131160, lr: 0.006827
[INFO] [2020-04-28 23:18:57,824] bce_loss: 0.248908
[INFO] [2020-04-28 23:18:57,830] thresh_loss: 0.215760
[INFO] [2020-04-28 23:18:57,839] l1_loss: 0.067086
[INFO] [2020-04-28 23:19:16,635] Training epoch 34
[INFO] [2020-04-28 23:19:59,954] Training epoch 35
[INFO] [2020-04-28 23:20:41,929] Training epoch 36
[INFO] [2020-04-28 23:21:24,739] Training epoch 37
[INFO] [2020-04-28 23:22:06,443] Training epoch 38
[INFO] [2020-04-28 23:22:25,104] 

[INFO] [2020-04-28 23:22:25,421] train step:    800, epoch:  38, loss: 1.956063, lr: 0.006800
[INFO] [2020-04-28 23:22:25,428] bce_loss: 0.230663
[INFO] [2020-04-28 23:22:25,432] thresh_loss: 0.199017
[INFO] [2020-04-28 23:22:25,435] l1_loss: 0.060373
[INFO] [2020-04-28 23:22:49,839] Training epoch 39
[INFO] [2020-04-28 23:23:31,609] Training epoch 40
[INFO] [2020-04-28 23:24:16,317] Training epoch 41
[INFO] [2020-04-28 23:24:59,829] Training epoch 42
[INFO] [2020-04-28 23:25:39,740] 

[INFO] [2020-04-28 23:25:40,060] train step:    900, epoch:  42, loss: 2.031351, lr: 0.006779
[INFO] [2020-04-28 23:25:40,061] bce_loss: 0.239705
[INFO] [2020-04-28 23:25:40,061] thresh_loss: 0.209989
[INFO] [2020-04-28 23:25:40,062] l1_loss: 0.062283
[INFO] [2020-04-28 23:25:42,217] Training epoch 43
[INFO] [2020-04-28 23:26:26,163] Training epoch 44
[INFO] [2020-04-28 23:27:10,007] Training epoch 45
[INFO] [2020-04-28 23:27:51,933] Training epoch 46
[INFO] [2020-04-28 23:28:34,625] Training epoch 47
[INFO] [2020-04-28 23:29:09,269] 

[INFO] [2020-04-28 23:29:09,584] train step:   1000, epoch:  47, loss: 1.946873, lr: 0.006753
[INFO] [2020-04-28 23:29:09,602] bce_loss: 0.229148
[INFO] [2020-04-28 23:29:09,612] thresh_loss: 0.192652
[INFO] [2020-04-28 23:29:09,619] l1_loss: 0.060848
[INFO] [2020-04-28 23:29:18,148] Training epoch 48
[INFO] [2020-04-28 23:30:00,897] Training epoch 49
[INFO] [2020-04-28 23:30:43,093] Training epoch 50
[INFO] [2020-04-28 23:31:26,475] Training epoch 51
[INFO] [2020-04-28 23:32:10,514] Training epoch 52
[INFO] [2020-04-28 23:32:38,338] 

[INFO] [2020-04-28 23:32:38,641] train step:   1100, epoch:  52, loss: 2.212326, lr: 0.006727
[INFO] [2020-04-28 23:32:38,643] bce_loss: 0.266606
[INFO] [2020-04-28 23:32:38,644] thresh_loss: 0.223381
[INFO] [2020-04-28 23:32:38,644] l1_loss: 0.065591
[INFO] [2020-04-28 23:32:53,652] Training epoch 53
[INFO] [2020-04-28 23:33:36,830] Training epoch 54
[INFO] [2020-04-28 23:34:19,748] Training epoch 55
[INFO] [2020-04-28 23:35:02,280] Training epoch 56
[INFO] [2020-04-28 23:35:44,932] Training epoch 57
[INFO] [2020-04-28 23:36:03,041] 

[INFO] [2020-04-28 23:36:03,341] train step:   1200, epoch:  57, loss: 1.910397, lr: 0.006700
[INFO] [2020-04-28 23:36:03,344] bce_loss: 0.226452
[INFO] [2020-04-28 23:36:03,344] thresh_loss: 0.191261
[INFO] [2020-04-28 23:36:03,345] l1_loss: 0.058688
[INFO] [2020-04-28 23:36:26,750] Training epoch 58
[INFO] [2020-04-28 23:37:09,633] Training epoch 59
[INFO] [2020-04-28 23:37:52,631] Training epoch 60
[INFO] [2020-04-28 23:38:37,320] Training epoch 61
[INFO] [2020-04-28 23:39:19,320] 

[INFO] [2020-04-28 23:39:19,641] train step:   1300, epoch:  61, loss: 2.026186, lr: 0.006679
[INFO] [2020-04-28 23:39:19,642] bce_loss: 0.244198
[INFO] [2020-04-28 23:39:19,642] thresh_loss: 0.208089
[INFO] [2020-04-28 23:39:19,642] l1_loss: 0.059711
[INFO] [2020-04-28 23:39:20,616] Training epoch 62
[INFO] [2020-04-28 23:40:04,658] Training epoch 63
[INFO] [2020-04-28 23:40:47,819] Training epoch 64
[INFO] [2020-04-28 23:41:30,616] Training epoch 65
[INFO] [2020-04-28 23:42:13,579] Training epoch 66
[INFO] [2020-04-28 23:42:50,120] 

[INFO] [2020-04-28 23:42:50,441] train step:   1400, epoch:  66, loss: 1.827184, lr: 0.006653
[INFO] [2020-04-28 23:42:50,442] bce_loss: 0.211995
[INFO] [2020-04-28 23:42:50,443] thresh_loss: 0.182809
[INFO] [2020-04-28 23:42:50,443] l1_loss: 0.058440
[INFO] [2020-04-28 23:42:57,776] Training epoch 67
[INFO] [2020-04-28 23:43:40,597] Training epoch 68
[INFO] [2020-04-28 23:44:23,700] Training epoch 69
[INFO] [2020-04-28 23:45:08,122] Training epoch 70
[INFO] [2020-04-28 23:45:50,733] Training epoch 71
[INFO] [2020-04-28 23:46:18,973] 

[INFO] [2020-04-28 23:46:19,283] train step:   1500, epoch:  71, loss: 1.912470, lr: 0.006626
[INFO] [2020-04-28 23:46:19,286] bce_loss: 0.225451
[INFO] [2020-04-28 23:46:19,286] thresh_loss: 0.196103
[INFO] [2020-04-28 23:46:19,287] l1_loss: 0.058911
[INFO] [2020-04-28 23:46:33,222] Training epoch 72
[INFO] [2020-04-28 23:47:15,698] Training epoch 73
[INFO] [2020-04-28 23:47:58,179] Training epoch 74
[INFO] [2020-04-28 23:48:40,308] Training epoch 75
[INFO] [2020-04-28 23:49:25,678] Training epoch 76
[INFO] [2020-04-28 23:49:47,225] 

[INFO] [2020-04-28 23:49:47,535] train step:   1600, epoch:  76, loss: 1.888617, lr: 0.006600
[INFO] [2020-04-28 23:49:47,545] bce_loss: 0.220202
[INFO] [2020-04-28 23:49:47,552] thresh_loss: 0.190869
[INFO] [2020-04-28 23:49:47,555] l1_loss: 0.059674
[INFO] [2020-04-28 23:50:09,624] Training epoch 77
[INFO] [2020-04-28 23:50:51,847] Training epoch 78
[INFO] [2020-04-28 23:51:35,740] Training epoch 79
[INFO] [2020-04-28 23:52:18,275] Training epoch 80
[INFO] [2020-04-28 23:53:00,011] 

[INFO] [2020-04-28 23:53:00,336] train step:   1700, epoch:  80, loss: 1.822318, lr: 0.006579
[INFO] [2020-04-28 23:53:00,337] bce_loss: 0.211859
[INFO] [2020-04-28 23:53:00,337] thresh_loss: 0.181266
[INFO] [2020-04-28 23:53:00,337] l1_loss: 0.058176
[INFO] [2020-04-28 23:53:00,375] Training epoch 81
[INFO] [2020-04-28 23:53:44,120] Training epoch 82
[INFO] [2020-04-28 23:54:26,559] Training epoch 83
[INFO] [2020-04-28 23:55:09,156] Training epoch 84
[INFO] [2020-04-28 23:55:53,013] Training epoch 85
[INFO] [2020-04-28 23:56:29,906] 

[INFO] [2020-04-28 23:56:30,227] train step:   1800, epoch:  85, loss: 1.845556, lr: 0.006553
[INFO] [2020-04-28 23:56:30,227] bce_loss: 0.216010
[INFO] [2020-04-28 23:56:30,228] thresh_loss: 0.191158
[INFO] [2020-04-28 23:56:30,228] l1_loss: 0.057435
[INFO] [2020-04-28 23:56:36,185] Training epoch 86
[INFO] [2020-04-28 23:57:19,438] Training epoch 87
[INFO] [2020-04-28 23:58:03,374] Training epoch 88
[INFO] [2020-04-28 23:58:45,862] Training epoch 89
[INFO] [2020-04-28 23:59:28,139] Training epoch 90
[INFO] [2020-04-28 23:59:59,164] 

[INFO] [2020-04-28 23:59:59,464] train step:   1900, epoch:  90, loss: 2.013040, lr: 0.006526
[INFO] [2020-04-28 23:59:59,479] bce_loss: 0.238283
[INFO] [2020-04-28 23:59:59,480] thresh_loss: 0.205542
[INFO] [2020-04-28 23:59:59,480] l1_loss: 0.061608
[INFO] [2020-04-29 00:00:11,930] Training epoch 91
[INFO] [2020-04-29 00:00:55,681] Training epoch 92
[INFO] [2020-04-29 00:01:39,900] Training epoch 93
[INFO] [2020-04-29 00:02:24,434] Training epoch 94
[INFO] [2020-04-29 00:03:08,268] Training epoch 95
[INFO] [2020-04-29 00:03:30,654] 

[INFO] [2020-04-29 00:03:30,968] train step:   2000, epoch:  95, loss: 1.823539, lr: 0.006500
[INFO] [2020-04-29 00:03:30,969] bce_loss: 0.214429
[INFO] [2020-04-29 00:03:30,969] thresh_loss: 0.181195
[INFO] [2020-04-29 00:03:30,970] l1_loss: 0.057020
[INFO] [2020-04-29 00:03:51,920] Training epoch 96
[INFO] [2020-04-29 00:04:34,929] Training epoch 97
[INFO] [2020-04-29 00:05:19,084] Training epoch 98
[INFO] [2020-04-29 00:06:02,790] Training epoch 99
[INFO] [2020-04-29 00:06:44,584] Training epoch 100
[INFO] [2020-04-29 00:06:58,537] 

[INFO] [2020-04-29 00:06:58,856] train step:   2100, epoch: 100, loss: 1.841885, lr: 0.006473
[INFO] [2020-04-29 00:06:58,866] bce_loss: 0.220645
[INFO] [2020-04-29 00:06:58,876] thresh_loss: 0.191638
[INFO] [2020-04-29 00:06:58,883] l1_loss: 0.054702
[INFO] [2020-04-29 00:07:28,135] Training epoch 101
[INFO] [2020-04-29 00:08:11,260] Training epoch 102
[INFO] [2020-04-29 00:08:53,435] Training epoch 103
[INFO] [2020-04-29 00:09:37,405] Training epoch 104
[INFO] [2020-04-29 00:10:15,525] 

[INFO] [2020-04-29 00:10:15,853] train step:   2200, epoch: 104, loss: 1.820360, lr: 0.006452
[INFO] [2020-04-29 00:10:15,854] bce_loss: 0.213811
[INFO] [2020-04-29 00:10:15,854] thresh_loss: 0.181545
[INFO] [2020-04-29 00:10:15,855] l1_loss: 0.056976
[INFO] [2020-04-29 00:10:20,585] Training epoch 105
[INFO] [2020-04-29 00:11:03,425] Training epoch 106
[INFO] [2020-04-29 00:11:45,570] Training epoch 107
[INFO] [2020-04-29 00:12:27,515] Training epoch 108
[INFO] [2020-04-29 00:13:09,902] Training epoch 109
[INFO] [2020-04-29 00:13:41,768] 

[INFO] [2020-04-29 00:13:42,094] train step:   2300, epoch: 109, loss: 1.930419, lr: 0.006426
[INFO] [2020-04-29 00:13:42,096] bce_loss: 0.229102
[INFO] [2020-04-29 00:13:42,136] thresh_loss: 0.194126
[INFO] [2020-04-29 00:13:42,138] l1_loss: 0.059078
[INFO] [2020-04-29 00:13:53,239] Training epoch 110
[INFO] [2020-04-29 00:14:37,469] Training epoch 111
[INFO] [2020-04-29 00:15:21,081] Training epoch 112
[INFO] [2020-04-29 00:16:05,470] Training epoch 113
[INFO] [2020-04-29 00:16:49,113] Training epoch 114
[INFO] [2020-04-29 00:17:12,131] 

[INFO] [2020-04-29 00:17:12,389] train step:   2400, epoch: 114, loss: 1.710778, lr: 0.006399
[INFO] [2020-04-29 00:17:12,394] bce_loss: 0.200787
[INFO] [2020-04-29 00:17:12,395] thresh_loss: 0.170677
[INFO] [2020-04-29 00:17:12,396] l1_loss: 0.053617
[INFO] [2020-04-29 00:17:33,034] Training epoch 115
[INFO] [2020-04-29 00:18:14,816] Training epoch 116
[INFO] [2020-04-29 00:18:58,828] Training epoch 117
[INFO] [2020-04-29 00:19:40,477] Training epoch 118
[INFO] [2020-04-29 00:20:23,743] Training epoch 119
[INFO] [2020-04-29 00:20:39,978] 

[INFO] [2020-04-29 00:20:40,289] train step:   2500, epoch: 119, loss: 1.884916, lr: 0.006373
[INFO] [2020-04-29 00:20:40,290] bce_loss: 0.221387
[INFO] [2020-04-29 00:20:40,291] thresh_loss: 0.187753
[INFO] [2020-04-29 00:20:40,291] l1_loss: 0.059023
[INFO] [2020-04-29 00:21:06,543] Training epoch 120
[INFO] [2020-04-29 00:21:49,579] Training epoch 121
[INFO] [2020-04-29 00:22:32,353] Training epoch 122
[INFO] [2020-04-29 00:23:15,567] Training epoch 123
[INFO] [2020-04-29 00:23:56,264] 

[INFO] [2020-04-29 00:23:56,584] train step:   2600, epoch: 123, loss: 1.909573, lr: 0.006351
[INFO] [2020-04-29 00:23:56,585] bce_loss: 0.223994
[INFO] [2020-04-29 00:23:56,585] thresh_loss: 0.190916
[INFO] [2020-04-29 00:23:56,585] l1_loss: 0.059869
[INFO] [2020-04-29 00:24:00,116] Training epoch 124
[INFO] [2020-04-29 00:24:43,279] Training epoch 125
[INFO] [2020-04-29 00:25:27,444] Training epoch 126
[INFO] [2020-04-29 00:26:09,041] Training epoch 127
[INFO] [2020-04-29 00:26:51,079] Training epoch 128
[INFO] [2020-04-29 00:27:24,929] 

[INFO] [2020-04-29 00:27:25,227] train step:   2700, epoch: 128, loss: 1.757807, lr: 0.006325
[INFO] [2020-04-29 00:27:25,250] bce_loss: 0.206429
[INFO] [2020-04-29 00:27:25,254] thresh_loss: 0.176495
[INFO] [2020-04-29 00:27:25,266] l1_loss: 0.054917
[INFO] [2020-04-29 00:27:35,200] Training epoch 129
[INFO] [2020-04-29 00:28:17,384] Training epoch 130
[INFO] [2020-04-29 00:29:01,144] Training epoch 131
[INFO] [2020-04-29 00:29:44,089] Training epoch 132
[INFO] [2020-04-29 00:30:27,026] Training epoch 133
[INFO] [2020-04-29 00:30:52,388] 

[INFO] [2020-04-29 00:30:52,671] train step:   2800, epoch: 133, loss: 1.647283, lr: 0.006298
[INFO] [2020-04-29 00:30:52,674] bce_loss: 0.192789
[INFO] [2020-04-29 00:30:52,674] thresh_loss: 0.165018
[INFO] [2020-04-29 00:30:52,675] l1_loss: 0.051832
[INFO] [2020-04-29 00:31:11,087] Training epoch 134
[INFO] [2020-04-29 00:31:55,022] Training epoch 135
[INFO] [2020-04-29 00:32:37,005] Training epoch 136
[INFO] [2020-04-29 00:33:20,642] Training epoch 137
[INFO] [2020-04-29 00:34:03,114] Training epoch 138
[INFO] [2020-04-29 00:34:22,199] 

[INFO] [2020-04-29 00:34:22,517] train step:   2900, epoch: 138, loss: 1.726238, lr: 0.006272
[INFO] [2020-04-29 00:34:22,528] bce_loss: 0.200032
[INFO] [2020-04-29 00:34:22,533] thresh_loss: 0.172598
[INFO] [2020-04-29 00:34:22,537] l1_loss: 0.055348
[INFO] [2020-04-29 00:34:47,170] Training epoch 139
[INFO] [2020-04-29 00:35:30,182] Training epoch 140
[INFO] [2020-04-29 00:36:13,217] Training epoch 141
[INFO] [2020-04-29 00:36:57,566] Training epoch 142
[INFO] [2020-04-29 00:37:37,509] 

[INFO] [2020-04-29 00:37:37,838] train step:   3000, epoch: 142, loss: 1.768198, lr: 0.006251
[INFO] [2020-04-29 00:37:37,839] bce_loss: 0.208421
[INFO] [2020-04-29 00:37:37,839] thresh_loss: 0.184538
[INFO] [2020-04-29 00:37:37,839] l1_loss: 0.054156
[INFO] [2020-04-29 00:37:40,119] Training epoch 143
[INFO] [2020-04-29 00:38:22,603] Training epoch 144
[INFO] [2020-04-29 00:39:05,231] Training epoch 145
[INFO] [2020-04-29 00:39:48,072] Training epoch 146
[INFO] [2020-04-29 00:40:30,619] Training epoch 147
[INFO] [2020-04-29 00:41:05,074] 

[INFO] [2020-04-29 00:41:05,389] train step:   3100, epoch: 147, loss: 1.802946, lr: 0.006224
[INFO] [2020-04-29 00:41:05,425] bce_loss: 0.212839
[INFO] [2020-04-29 00:41:05,428] thresh_loss: 0.179880
[INFO] [2020-04-29 00:41:05,429] l1_loss: 0.055887
[INFO] [2020-04-29 00:41:13,989] Training epoch 148
[INFO] [2020-04-29 00:41:55,386] Training epoch 149
[INFO] [2020-04-29 00:42:38,613] Training epoch 150
[INFO] [2020-04-29 00:43:20,347] Training epoch 151
[INFO] [2020-04-29 00:44:03,747] Training epoch 152
[INFO] [2020-04-29 00:44:31,560] 

[INFO] [2020-04-29 00:44:31,834] train step:   3200, epoch: 152, loss: 1.853452, lr: 0.006197
[INFO] [2020-04-29 00:44:31,835] bce_loss: 0.219646
[INFO] [2020-04-29 00:44:31,835] thresh_loss: 0.191617
[INFO] [2020-04-29 00:44:31,836] l1_loss: 0.056361
[INFO] [2020-04-29 00:44:46,929] Training epoch 153
[INFO] [2020-04-29 00:45:30,208] Training epoch 154
[INFO] [2020-04-29 00:46:13,705] Training epoch 155
[INFO] [2020-04-29 00:46:56,070] Training epoch 156
[INFO] [2020-04-29 00:47:40,160] Training epoch 157
[INFO] [2020-04-29 00:47:58,452] 

[INFO] [2020-04-29 00:47:58,775] train step:   3300, epoch: 157, loss: 1.758935, lr: 0.006171
[INFO] [2020-04-29 00:47:58,796] bce_loss: 0.206074
[INFO] [2020-04-29 00:47:58,808] thresh_loss: 0.178377
[INFO] [2020-04-29 00:47:58,816] l1_loss: 0.055019
[INFO] [2020-04-29 00:48:21,742] Training epoch 158
[INFO] [2020-04-29 00:49:05,522] Training epoch 159
[INFO] [2020-04-29 00:49:49,747] Training epoch 160
[INFO] [2020-04-29 00:50:33,111] Training epoch 161
[INFO] [2020-04-29 00:51:15,614] 

[INFO] [2020-04-29 00:51:15,934] train step:   3400, epoch: 161, loss: 1.635381, lr: 0.006149
[INFO] [2020-04-29 00:51:15,935] bce_loss: 0.190474
[INFO] [2020-04-29 00:51:15,936] thresh_loss: 0.164164
[INFO] [2020-04-29 00:51:15,936] l1_loss: 0.051885
[INFO] [2020-04-29 00:51:16,879] Training epoch 162
[INFO] [2020-04-29 00:52:00,331] Training epoch 163
[INFO] [2020-04-29 00:52:43,194] Training epoch 164
[INFO] [2020-04-29 00:53:26,940] Training epoch 165
[INFO] [2020-04-29 00:54:10,274] Training epoch 166
[INFO] [2020-04-29 00:54:45,673] 

[INFO] [2020-04-29 00:54:45,995] train step:   3500, epoch: 166, loss: 1.761536, lr: 0.006123
[INFO] [2020-04-29 00:54:45,996] bce_loss: 0.210232
[INFO] [2020-04-29 00:54:45,996] thresh_loss: 0.173173
[INFO] [2020-04-29 00:54:45,996] l1_loss: 0.053720
[INFO] [2020-04-29 00:54:53,278] Training epoch 167
[INFO] [2020-04-29 00:55:36,417] Training epoch 168
[INFO] [2020-04-29 00:56:18,690] Training epoch 169
[INFO] [2020-04-29 00:57:01,292] Training epoch 170
[INFO] [2020-04-29 00:57:45,667] Training epoch 171
[INFO] [2020-04-29 00:58:14,697] 

[INFO] [2020-04-29 00:58:15,021] train step:   3600, epoch: 171, loss: 1.719910, lr: 0.006096
[INFO] [2020-04-29 00:58:15,024] bce_loss: 0.200947
[INFO] [2020-04-29 00:58:15,025] thresh_loss: 0.169881
[INFO] [2020-04-29 00:58:15,026] l1_loss: 0.054529
[INFO] [2020-04-29 00:58:28,735] Training epoch 172
[INFO] [2020-04-29 00:59:12,664] Training epoch 173
[INFO] [2020-04-29 00:59:56,056] Training epoch 174
[INFO] [2020-04-29 01:00:39,354] Training epoch 175
[INFO] [2020-04-29 01:01:22,164] Training epoch 176
[INFO] [2020-04-29 01:01:43,121] 

[INFO] [2020-04-29 01:01:43,428] train step:   3700, epoch: 176, loss: 1.763141, lr: 0.006070
[INFO] [2020-04-29 01:01:43,430] bce_loss: 0.205383
[INFO] [2020-04-29 01:01:43,430] thresh_loss: 0.174638
[INFO] [2020-04-29 01:01:43,430] l1_loss: 0.056159
[INFO] [2020-04-29 01:02:06,205] Training epoch 177
[INFO] [2020-04-29 01:02:48,588] Training epoch 178
[INFO] [2020-04-29 01:03:30,606] Training epoch 179
[INFO] [2020-04-29 01:04:13,841] Training epoch 180
[INFO] [2020-04-29 01:04:56,143] 

[INFO] [2020-04-29 01:04:56,464] train step:   3800, epoch: 180, loss: 1.681738, lr: 0.006048
[INFO] [2020-04-29 01:04:56,465] bce_loss: 0.195995
[INFO] [2020-04-29 01:04:56,465] thresh_loss: 0.168420
[INFO] [2020-04-29 01:04:56,465] l1_loss: 0.053334
[INFO] [2020-04-29 01:04:56,512] Training epoch 181
[INFO] [2020-04-29 01:05:38,291] Training epoch 182
[INFO] [2020-04-29 01:06:21,501] Training epoch 183
[INFO] [2020-04-29 01:07:04,788] Training epoch 184
[INFO] [2020-04-29 01:07:48,468] Training epoch 185
[INFO] [2020-04-29 01:08:26,065] 

[INFO] [2020-04-29 01:08:26,387] train step:   3900, epoch: 185, loss: 1.594184, lr: 0.006022
[INFO] [2020-04-29 01:08:26,388] bce_loss: 0.186132
[INFO] [2020-04-29 01:08:26,389] thresh_loss: 0.161850
[INFO] [2020-04-29 01:08:26,389] l1_loss: 0.050167
[INFO] [2020-04-29 01:08:32,423] Training epoch 186
[INFO] [2020-04-29 01:09:14,754] Training epoch 187
[INFO] [2020-04-29 01:09:57,338] Training epoch 188
[INFO] [2020-04-29 01:10:40,727] Training epoch 189
[INFO] [2020-04-29 01:11:25,398] Training epoch 190
[INFO] [2020-04-29 01:11:55,402] 

[INFO] [2020-04-29 01:11:55,675] train step:   4000, epoch: 190, loss: 1.696898, lr: 0.005995
[INFO] [2020-04-29 01:11:55,678] bce_loss: 0.196090
[INFO] [2020-04-29 01:11:55,679] thresh_loss: 0.170051
[INFO] [2020-04-29 01:11:55,679] l1_loss: 0.054640
[INFO] [2020-04-29 01:12:08,039] Training epoch 191
[INFO] [2020-04-29 01:12:51,330] Training epoch 192
[INFO] [2020-04-29 01:13:32,187] Training epoch 193
[INFO] [2020-04-29 01:14:14,852] Training epoch 194
[INFO] [2020-04-29 01:14:58,717] Training epoch 195
[INFO] [2020-04-29 01:15:21,277] 

[INFO] [2020-04-29 01:15:21,570] train step:   4100, epoch: 195, loss: 1.671381, lr: 0.005968
[INFO] [2020-04-29 01:15:21,596] bce_loss: 0.194354
[INFO] [2020-04-29 01:15:21,600] thresh_loss: 0.170278
[INFO] [2020-04-29 01:15:21,602] l1_loss: 0.052933
[INFO] [2020-04-29 01:15:42,564] Training epoch 196
[INFO] [2020-04-29 01:16:25,954] Training epoch 197
[INFO] [2020-04-29 01:17:09,629] Training epoch 198
[INFO] [2020-04-29 01:17:53,434] Training epoch 199
[INFO] [2020-04-29 01:18:36,847] Training epoch 200
[INFO] [2020-04-29 01:18:52,155] 

[INFO] [2020-04-29 01:18:52,452] train step:   4200, epoch: 200, loss: 1.619156, lr: 0.005942
[INFO] [2020-04-29 01:18:52,472] bce_loss: 0.189329
[INFO] [2020-04-29 01:18:52,478] thresh_loss: 0.161644
[INFO] [2020-04-29 01:18:52,496] l1_loss: 0.051087
[INFO] [2020-04-29 01:19:20,151] Training epoch 201
[INFO] [2020-04-29 01:20:01,466] Training epoch 202
[INFO] [2020-04-29 01:20:44,073] Training epoch 203
[INFO] [2020-04-29 01:21:26,892] Training epoch 204
[INFO] [2020-04-29 01:22:05,388] 

[INFO] [2020-04-29 01:22:05,707] train step:   4300, epoch: 204, loss: 1.689483, lr: 0.005920
[INFO] [2020-04-29 01:22:05,708] bce_loss: 0.196120
[INFO] [2020-04-29 01:22:05,709] thresh_loss: 0.165946
[INFO] [2020-04-29 01:22:05,709] l1_loss: 0.054294
[INFO] [2020-04-29 01:22:10,479] Training epoch 205
[INFO] [2020-04-29 01:22:53,040] Training epoch 206
[INFO] [2020-04-29 01:23:34,786] Training epoch 207
[INFO] [2020-04-29 01:24:18,876] Training epoch 208
[INFO] [2020-04-29 01:25:02,442] Training epoch 209
[INFO] [2020-04-29 01:25:35,006] 

[INFO] [2020-04-29 01:25:35,292] train step:   4400, epoch: 209, loss: 1.687607, lr: 0.005893
[INFO] [2020-04-29 01:25:35,294] bce_loss: 0.196969
[INFO] [2020-04-29 01:25:35,294] thresh_loss: 0.167504
[INFO] [2020-04-29 01:25:35,294] l1_loss: 0.053526
[INFO] [2020-04-29 01:25:46,545] Training epoch 210
[INFO] [2020-04-29 01:26:30,239] Training epoch 211
[INFO] [2020-04-29 01:27:13,641] Training epoch 212
[INFO] [2020-04-29 01:27:55,919] Training epoch 213
[INFO] [2020-04-29 01:28:39,543] Training epoch 214
[INFO] [2020-04-29 01:29:03,081] 

[INFO] [2020-04-29 01:29:03,400] train step:   4500, epoch: 214, loss: 1.581880, lr: 0.005867
[INFO] [2020-04-29 01:29:03,432] bce_loss: 0.180941
[INFO] [2020-04-29 01:29:03,441] thresh_loss: 0.157014
[INFO] [2020-04-29 01:29:03,450] l1_loss: 0.052016
[INFO] [2020-04-29 01:29:23,622] Training epoch 215
[INFO] [2020-04-29 01:30:05,319] Training epoch 216
[INFO] [2020-04-29 01:30:48,056] Training epoch 217
[INFO] [2020-04-29 01:31:30,365] Training epoch 218
[INFO] [2020-04-29 01:32:13,521] Training epoch 219
[INFO] [2020-04-29 01:32:31,277] 

[INFO] [2020-04-29 01:32:31,587] train step:   4600, epoch: 219, loss: 1.699625, lr: 0.005840
[INFO] [2020-04-29 01:32:31,591] bce_loss: 0.198013
[INFO] [2020-04-29 01:32:31,593] thresh_loss: 0.169138
[INFO] [2020-04-29 01:32:31,594] l1_loss: 0.054042
[INFO] [2020-04-29 01:32:57,423] Training epoch 220
[INFO] [2020-04-29 01:33:40,517] Training epoch 221
[INFO] [2020-04-29 01:34:24,326] Training epoch 222
[INFO] [2020-04-29 01:35:08,464] Training epoch 223
[INFO] [2020-04-29 01:35:47,282] 

[INFO] [2020-04-29 01:35:47,608] train step:   4700, epoch: 223, loss: 1.622543, lr: 0.005819
[INFO] [2020-04-29 01:35:47,609] bce_loss: 0.188259
[INFO] [2020-04-29 01:35:47,609] thresh_loss: 0.158249
[INFO] [2020-04-29 01:35:47,609] l1_loss: 0.052300
[INFO] [2020-04-29 01:35:51,110] Training epoch 224
[INFO] [2020-04-29 01:36:35,596] Training epoch 225
[INFO] [2020-04-29 01:37:19,195] Training epoch 226
[INFO] [2020-04-29 01:38:03,487] Training epoch 227
[INFO] [2020-04-29 01:38:46,217] Training epoch 228
[INFO] [2020-04-29 01:39:18,868] 

[INFO] [2020-04-29 01:39:19,186] train step:   4800, epoch: 228, loss: 1.704759, lr: 0.005792
[INFO] [2020-04-29 01:39:19,188] bce_loss: 0.201123
[INFO] [2020-04-29 01:39:19,188] thresh_loss: 0.172466
[INFO] [2020-04-29 01:39:19,188] l1_loss: 0.052668
[INFO] [2020-04-29 01:39:28,969] Training epoch 229
[INFO] [2020-04-29 01:40:12,266] Training epoch 230
[INFO] [2020-04-29 01:40:55,847] Training epoch 231
[INFO] [2020-04-29 01:41:39,070] Training epoch 232
[INFO] [2020-04-29 01:42:22,349] Training epoch 233
[INFO] [2020-04-29 01:42:47,038] 

[INFO] [2020-04-29 01:42:47,363] train step:   4900, epoch: 233, loss: 1.682169, lr: 0.005765
[INFO] [2020-04-29 01:42:47,406] bce_loss: 0.194323
[INFO] [2020-04-29 01:42:47,415] thresh_loss: 0.165743
[INFO] [2020-04-29 01:42:47,437] l1_loss: 0.054481
[INFO] [2020-04-29 01:43:06,435] Training epoch 234
[INFO] [2020-04-29 01:43:48,854] Training epoch 235
[INFO] [2020-04-29 01:44:31,114] Training epoch 236
[INFO] [2020-04-29 01:45:13,602] Training epoch 237
[INFO] [2020-04-29 01:45:57,395] Training epoch 238
[INFO] [2020-04-29 01:46:15,922] 

[INFO] [2020-04-29 01:46:16,257] train step:   5000, epoch: 238, loss: 1.630374, lr: 0.005738
[INFO] [2020-04-29 01:46:16,305] bce_loss: 0.190275
[INFO] [2020-04-29 01:46:16,307] thresh_loss: 0.160355
[INFO] [2020-04-29 01:46:16,310] l1_loss: 0.051865
[INFO] [2020-04-29 01:46:41,131] Training epoch 239
[INFO] [2020-04-29 01:47:24,165] Training epoch 240
[INFO] [2020-04-29 01:48:06,873] Training epoch 241
[INFO] [2020-04-29 01:48:49,260] Training epoch 242
[INFO] [2020-04-29 01:49:30,394] 

[INFO] [2020-04-29 01:49:30,711] train step:   5100, epoch: 242, loss: 1.594542, lr: 0.005717
[INFO] [2020-04-29 01:49:30,712] bce_loss: 0.183120
[INFO] [2020-04-29 01:49:30,712] thresh_loss: 0.156353
[INFO] [2020-04-29 01:49:30,712] l1_loss: 0.052259
[INFO] [2020-04-29 01:49:32,858] Training epoch 243
[INFO] [2020-04-29 01:50:17,160] Training epoch 244
[INFO] [2020-04-29 01:51:00,720] Training epoch 245
[INFO] [2020-04-29 01:51:44,938] Training epoch 246
[INFO] [2020-04-29 01:52:27,676] Training epoch 247
[INFO] [2020-04-29 01:53:01,453] 

[INFO] [2020-04-29 01:53:01,768] train step:   5200, epoch: 247, loss: 1.572692, lr: 0.005690
[INFO] [2020-04-29 01:53:01,778] bce_loss: 0.181748
[INFO] [2020-04-29 01:53:01,783] thresh_loss: 0.152275
[INFO] [2020-04-29 01:53:01,789] l1_loss: 0.051168
[INFO] [2020-04-29 01:53:10,371] Training epoch 248
[INFO] [2020-04-29 01:53:54,170] Training epoch 249
[INFO] [2020-04-29 01:54:37,215] Training epoch 250
[INFO] [2020-04-29 01:55:20,244] Training epoch 251
[INFO] [2020-04-29 01:56:02,818] Training epoch 252
[INFO] [2020-04-29 01:56:29,655] 

[INFO] [2020-04-29 01:56:29,970] train step:   5300, epoch: 252, loss: 1.617369, lr: 0.005663
[INFO] [2020-04-29 01:56:30,029] bce_loss: 0.184121
[INFO] [2020-04-29 01:56:30,032] thresh_loss: 0.158068
[INFO] [2020-04-29 01:56:30,034] l1_loss: 0.053869
[INFO] [2020-04-29 01:56:45,350] Training epoch 253
[INFO] [2020-04-29 01:57:28,290] Training epoch 254
[INFO] [2020-04-29 01:58:09,855] Training epoch 255
[INFO] [2020-04-29 01:58:51,644] Training epoch 256
[INFO] [2020-04-29 01:59:34,867] Training epoch 257
[INFO] [2020-04-29 01:59:54,169] 

[INFO] [2020-04-29 01:59:54,473] train step:   5400, epoch: 257, loss: 1.538798, lr: 0.005636
[INFO] [2020-04-29 01:59:54,476] bce_loss: 0.175903
[INFO] [2020-04-29 01:59:54,476] thresh_loss: 0.149904
[INFO] [2020-04-29 01:59:54,477] l1_loss: 0.050938
[INFO] [2020-04-29 02:00:18,764] Training epoch 258
[INFO] [2020-04-29 02:01:01,291] Training epoch 259
[INFO] [2020-04-29 02:01:43,059] Training epoch 260
[INFO] [2020-04-29 02:02:25,169] Training epoch 261
[INFO] [2020-04-29 02:03:06,468] 

[INFO] [2020-04-29 02:03:06,788] train step:   5500, epoch: 261, loss: 1.771295, lr: 0.005615
[INFO] [2020-04-29 02:03:06,789] bce_loss: 0.203029
[INFO] [2020-04-29 02:03:06,789] thresh_loss: 0.174746
[INFO] [2020-04-29 02:03:06,789] l1_loss: 0.058140
[INFO] [2020-04-29 02:03:07,745] Training epoch 262
[INFO] [2020-04-29 02:03:51,321] Training epoch 263
[INFO] [2020-04-29 02:04:34,384] Training epoch 264
[INFO] [2020-04-29 02:05:17,689] Training epoch 265
[INFO] [2020-04-29 02:06:00,874] Training epoch 266
[INFO] [2020-04-29 02:06:36,490] 

[INFO] [2020-04-29 02:06:36,803] train step:   5600, epoch: 266, loss: 1.478548, lr: 0.005588
[INFO] [2020-04-29 02:06:36,804] bce_loss: 0.169578
[INFO] [2020-04-29 02:06:36,804] thresh_loss: 0.145174
[INFO] [2020-04-29 02:06:36,804] l1_loss: 0.048549
[INFO] [2020-04-29 02:06:44,032] Training epoch 267
[INFO] [2020-04-29 02:07:26,956] Training epoch 268
[INFO] [2020-04-29 02:08:08,686] Training epoch 269
[INFO] [2020-04-29 02:08:50,691] Training epoch 270
[INFO] [2020-04-29 02:09:32,600] Training epoch 271
[INFO] [2020-04-29 02:10:01,747] 

[INFO] [2020-04-29 02:10:02,031] train step:   5700, epoch: 271, loss: 1.534431, lr: 0.005561
[INFO] [2020-04-29 02:10:02,033] bce_loss: 0.172187
[INFO] [2020-04-29 02:10:02,033] thresh_loss: 0.150090
[INFO] [2020-04-29 02:10:02,034] l1_loss: 0.052341
[INFO] [2020-04-29 02:10:15,779] Training epoch 272
[INFO] [2020-04-29 02:10:58,194] Training epoch 273
[INFO] [2020-04-29 02:11:40,836] Training epoch 274
[INFO] [2020-04-29 02:12:24,670] Training epoch 275
[INFO] [2020-04-29 02:13:08,132] Training epoch 276
[INFO] [2020-04-29 02:13:27,537] 

[INFO] [2020-04-29 02:13:27,748] train step:   5800, epoch: 276, loss: 1.540923, lr: 0.005534
[INFO] [2020-04-29 02:13:27,772] bce_loss: 0.175460
[INFO] [2020-04-29 02:13:27,775] thresh_loss: 0.154243
[INFO] [2020-04-29 02:13:27,777] l1_loss: 0.050938
[INFO] [2020-04-29 02:13:51,456] Training epoch 277
[INFO] [2020-04-29 02:14:33,425] Training epoch 278
[INFO] [2020-04-29 02:15:16,961] Training epoch 279
[INFO] [2020-04-29 02:15:58,822] Training epoch 280
[INFO] [2020-04-29 02:16:40,461] 

[INFO] [2020-04-29 02:16:40,781] train step:   5900, epoch: 280, loss: 1.574699, lr: 0.005512
[INFO] [2020-04-29 02:16:40,782] bce_loss: 0.182786
[INFO] [2020-04-29 02:16:40,783] thresh_loss: 0.158854
[INFO] [2020-04-29 02:16:40,783] l1_loss: 0.050191
[INFO] [2020-04-29 02:16:40,827] Training epoch 281
[INFO] [2020-04-29 02:17:25,356] Training epoch 282
[INFO] [2020-04-29 02:18:08,821] Training epoch 283
[INFO] [2020-04-29 02:18:51,539] Training epoch 284
[INFO] [2020-04-29 02:19:34,413] Training epoch 285
[INFO] [2020-04-29 02:20:09,958] 

[INFO] [2020-04-29 02:20:10,281] train step:   6000, epoch: 285, loss: 1.536752, lr: 0.005485
[INFO] [2020-04-29 02:20:10,284] bce_loss: 0.176675
[INFO] [2020-04-29 02:20:10,285] thresh_loss: 0.152616
[INFO] [2020-04-29 02:20:10,285] l1_loss: 0.050076
[INFO] [2020-04-29 02:20:16,458] Training epoch 286
[INFO] [2020-04-29 02:21:00,704] Training epoch 287
[INFO] [2020-04-29 02:21:44,790] Training epoch 288
[INFO] [2020-04-29 02:22:28,194] Training epoch 289
[INFO] [2020-04-29 02:23:11,312] Training epoch 290
[INFO] [2020-04-29 02:23:44,403] 

[INFO] [2020-04-29 02:23:44,726] train step:   6100, epoch: 290, loss: 1.529374, lr: 0.005459
[INFO] [2020-04-29 02:23:44,745] bce_loss: 0.177748
[INFO] [2020-04-29 02:23:44,758] thresh_loss: 0.153607
[INFO] [2020-04-29 02:23:44,767] l1_loss: 0.048703
[INFO] [2020-04-29 02:23:56,957] Training epoch 291
[INFO] [2020-04-29 02:24:40,468] Training epoch 292
[INFO] [2020-04-29 02:25:24,733] Training epoch 293
[INFO] [2020-04-29 02:26:08,917] Training epoch 294
[INFO] [2020-04-29 02:26:53,345] Training epoch 295
[INFO] [2020-04-29 02:27:15,590] 

[INFO] [2020-04-29 02:27:15,884] train step:   6200, epoch: 295, loss: 1.462977, lr: 0.005432
[INFO] [2020-04-29 02:27:15,886] bce_loss: 0.166142
[INFO] [2020-04-29 02:27:15,887] thresh_loss: 0.142715
[INFO] [2020-04-29 02:27:15,887] l1_loss: 0.048955
[INFO] [2020-04-29 02:27:36,130] Training epoch 296
[INFO] [2020-04-29 02:28:19,649] Training epoch 297
[INFO] [2020-04-29 02:29:02,995] Training epoch 298
[INFO] [2020-04-29 02:29:47,116] Training epoch 299
[INFO] [2020-04-29 02:30:30,267] Training epoch 300
[INFO] [2020-04-29 02:30:45,823] 

[INFO] [2020-04-29 02:30:46,048] train step:   6300, epoch: 300, loss: 1.562187, lr: 0.005405
[INFO] [2020-04-29 02:30:46,049] bce_loss: 0.179834
[INFO] [2020-04-29 02:30:46,050] thresh_loss: 0.154238
[INFO] [2020-04-29 02:30:46,051] l1_loss: 0.050878
[INFO] [2020-04-29 02:31:13,933] Training epoch 301
[INFO] [2020-04-29 02:31:56,849] Training epoch 302
[INFO] [2020-04-29 02:32:38,886] Training epoch 303
[INFO] [2020-04-29 02:33:22,759] Training epoch 304
[INFO] [2020-04-29 02:34:01,403] 

[INFO] [2020-04-29 02:34:01,723] train step:   6400, epoch: 304, loss: 1.478771, lr: 0.005383
[INFO] [2020-04-29 02:34:01,724] bce_loss: 0.169982
[INFO] [2020-04-29 02:34:01,724] thresh_loss: 0.146226
[INFO] [2020-04-29 02:34:01,724] l1_loss: 0.048264
[INFO] [2020-04-29 02:34:06,430] Training epoch 305
[INFO] [2020-04-29 02:34:50,032] Training epoch 306
[INFO] [2020-04-29 02:35:35,304] Training epoch 307
[INFO] [2020-04-29 02:36:18,324] Training epoch 308
[INFO] [2020-04-29 02:37:01,503] Training epoch 309
[INFO] [2020-04-29 02:37:34,288] 

[INFO] [2020-04-29 02:37:34,605] train step:   6500, epoch: 309, loss: 1.442848, lr: 0.005356
[INFO] [2020-04-29 02:37:34,607] bce_loss: 0.161378
[INFO] [2020-04-29 02:37:34,607] thresh_loss: 0.137266
[INFO] [2020-04-29 02:37:34,607] l1_loss: 0.049869
[INFO] [2020-04-29 02:37:45,720] Training epoch 310
[INFO] [2020-04-29 02:38:28,098] Training epoch 311
[INFO] [2020-04-29 02:39:11,385] Training epoch 312
[INFO] [2020-04-29 02:39:54,101] Training epoch 313
[INFO] [2020-04-29 02:40:37,328] Training epoch 314
[INFO] [2020-04-29 02:41:00,294] 

[INFO] [2020-04-29 02:41:00,591] train step:   6600, epoch: 314, loss: 1.459394, lr: 0.005329
[INFO] [2020-04-29 02:41:00,612] bce_loss: 0.170475
[INFO] [2020-04-29 02:41:00,624] thresh_loss: 0.146440
[INFO] [2020-04-29 02:41:00,634] l1_loss: 0.046058
[INFO] [2020-04-29 02:41:21,273] Training epoch 315
[INFO] [2020-04-29 02:42:04,656] Training epoch 316
[INFO] [2020-04-29 02:42:48,016] Training epoch 317
[INFO] [2020-04-29 02:43:31,701] Training epoch 318
[INFO] [2020-04-29 02:44:15,145] Training epoch 319
[INFO] [2020-04-29 02:44:32,746] 

[INFO] [2020-04-29 02:44:33,064] train step:   6700, epoch: 319, loss: 1.447354, lr: 0.005302
[INFO] [2020-04-29 02:44:33,073] bce_loss: 0.164382
[INFO] [2020-04-29 02:44:33,078] thresh_loss: 0.141333
[INFO] [2020-04-29 02:44:33,083] l1_loss: 0.048411
[INFO] [2020-04-29 02:44:59,227] Training epoch 320
[INFO] [2020-04-29 02:45:41,847] Training epoch 321
[INFO] [2020-04-29 02:46:24,651] Training epoch 322
[INFO] [2020-04-29 02:47:06,352] Training epoch 323
[INFO] [2020-04-29 02:47:46,430] 

[INFO] [2020-04-29 02:47:46,752] train step:   6800, epoch: 323, loss: 1.465353, lr: 0.005280
[INFO] [2020-04-29 02:47:46,753] bce_loss: 0.169544
[INFO] [2020-04-29 02:47:46,753] thresh_loss: 0.144198
[INFO] [2020-04-29 02:47:46,753] l1_loss: 0.047343
[INFO] [2020-04-29 02:47:50,231] Training epoch 324
[INFO] [2020-04-29 02:48:33,928] Training epoch 325
[INFO] [2020-04-29 02:49:16,923] Training epoch 326
[INFO] [2020-04-29 02:49:59,764] Training epoch 327
[INFO] [2020-04-29 02:50:43,104] Training epoch 328
[INFO] [2020-04-29 02:51:17,004] 

[INFO] [2020-04-29 02:51:17,298] train step:   6900, epoch: 328, loss: 1.392143, lr: 0.005253
[INFO] [2020-04-29 02:51:17,302] bce_loss: 0.159866
[INFO] [2020-04-29 02:51:17,302] thresh_loss: 0.136139
[INFO] [2020-04-29 02:51:17,303] l1_loss: 0.045667
[INFO] [2020-04-29 02:51:27,248] Training epoch 329
[INFO] [2020-04-29 02:52:10,874] Training epoch 330
[INFO] [2020-04-29 02:52:53,655] Training epoch 331
[INFO] [2020-04-29 02:53:37,168] Training epoch 332
[INFO] [2020-04-29 02:54:21,511] Training epoch 333
[INFO] [2020-04-29 02:54:45,120] 

[INFO] [2020-04-29 02:54:45,433] train step:   7000, epoch: 333, loss: 1.393423, lr: 0.005226
[INFO] [2020-04-29 02:54:45,460] bce_loss: 0.159947
[INFO] [2020-04-29 02:54:45,469] thresh_loss: 0.137976
[INFO] [2020-04-29 02:54:45,471] l1_loss: 0.045571
[INFO] [2020-04-29 02:55:04,137] Training epoch 334
[INFO] [2020-04-29 02:55:47,432] Training epoch 335
[INFO] [2020-04-29 02:56:30,565] Training epoch 336
[INFO] [2020-04-29 02:57:14,996] Training epoch 337
[INFO] [2020-04-29 02:57:57,660] Training epoch 338
[INFO] [2020-04-29 02:58:15,980] 

[INFO] [2020-04-29 02:58:16,295] train step:   7100, epoch: 338, loss: 1.401356, lr: 0.005199
[INFO] [2020-04-29 02:58:16,306] bce_loss: 0.162323
[INFO] [2020-04-29 02:58:16,312] thresh_loss: 0.141960
[INFO] [2020-04-29 02:58:16,319] l1_loss: 0.044778
[INFO] [2020-04-29 02:58:41,853] Training epoch 339
[INFO] [2020-04-29 02:59:25,071] Training epoch 340
[INFO] [2020-04-29 03:00:07,952] Training epoch 341
[INFO] [2020-04-29 03:00:50,126] Training epoch 342
[INFO] [2020-04-29 03:01:31,732] 

[INFO] [2020-04-29 03:01:32,051] train step:   7200, epoch: 342, loss: 1.459670, lr: 0.005177
[INFO] [2020-04-29 03:01:32,052] bce_loss: 0.168114
[INFO] [2020-04-29 03:01:32,052] thresh_loss: 0.145237
[INFO] [2020-04-29 03:01:32,053] l1_loss: 0.047386
[INFO] [2020-04-29 03:01:34,227] Training epoch 343
[INFO] [2020-04-29 03:02:16,561] Training epoch 344
[INFO] [2020-04-29 03:03:00,392] Training epoch 345
[INFO] [2020-04-29 03:03:44,127] Training epoch 346
[INFO] [2020-04-29 03:04:26,015] Training epoch 347
[INFO] [2020-04-29 03:05:00,983] 

[INFO] [2020-04-29 03:05:01,267] train step:   7300, epoch: 347, loss: 1.569807, lr: 0.005150
[INFO] [2020-04-29 03:05:01,283] bce_loss: 0.180386
[INFO] [2020-04-29 03:05:01,291] thresh_loss: 0.156986
[INFO] [2020-04-29 03:05:01,296] l1_loss: 0.051089
[INFO] [2020-04-29 03:05:09,916] Training epoch 348
[INFO] [2020-04-29 03:05:53,045] Training epoch 349
[INFO] [2020-04-29 03:06:35,528] Training epoch 350
[INFO] [2020-04-29 03:07:17,445] Training epoch 351
[INFO] [2020-04-29 03:08:00,999] Training epoch 352
[INFO] [2020-04-29 03:08:27,756] 

[INFO] [2020-04-29 03:08:28,038] train step:   7400, epoch: 352, loss: 1.504528, lr: 0.005123
[INFO] [2020-04-29 03:08:28,043] bce_loss: 0.172707
[INFO] [2020-04-29 03:08:28,044] thresh_loss: 0.146327
[INFO] [2020-04-29 03:08:28,044] l1_loss: 0.049467
[INFO] [2020-04-29 03:08:43,093] Training epoch 353
[INFO] [2020-04-29 03:09:27,031] Training epoch 354
[INFO] [2020-04-29 03:10:11,457] Training epoch 355
[INFO] [2020-04-29 03:10:56,151] Training epoch 356
[INFO] [2020-04-29 03:11:40,893] Training epoch 357
[INFO] [2020-04-29 03:11:59,646] 

[INFO] [2020-04-29 03:11:59,961] train step:   7500, epoch: 357, loss: 1.441732, lr: 0.005096
[INFO] [2020-04-29 03:11:59,966] bce_loss: 0.165565
[INFO] [2020-04-29 03:11:59,967] thresh_loss: 0.140942
[INFO] [2020-04-29 03:11:59,968] l1_loss: 0.047297
[INFO] [2020-04-29 03:12:24,466] Training epoch 358
[INFO] [2020-04-29 03:13:07,216] Training epoch 359
[INFO] [2020-04-29 03:13:49,938] Training epoch 360
[INFO] [2020-04-29 03:14:32,878] Training epoch 361
[INFO] [2020-04-29 03:15:13,186] 

[INFO] [2020-04-29 03:15:13,506] train step:   7600, epoch: 361, loss: 1.559977, lr: 0.005074
[INFO] [2020-04-29 03:15:13,507] bce_loss: 0.178105
[INFO] [2020-04-29 03:15:13,508] thresh_loss: 0.151891
[INFO] [2020-04-29 03:15:13,508] l1_loss: 0.051756
[INFO] [2020-04-29 03:15:14,458] Training epoch 362
[INFO] [2020-04-29 03:15:57,467] Training epoch 363
[INFO] [2020-04-29 03:16:39,815] Training epoch 364
[INFO] [2020-04-29 03:17:23,408] Training epoch 365
[INFO] [2020-04-29 03:18:07,201] Training epoch 366
[INFO] [2020-04-29 03:18:43,689] 

[INFO] [2020-04-29 03:18:44,016] train step:   7700, epoch: 366, loss: 1.488947, lr: 0.005047
[INFO] [2020-04-29 03:18:44,017] bce_loss: 0.173725
[INFO] [2020-04-29 03:18:44,017] thresh_loss: 0.147599
[INFO] [2020-04-29 03:18:44,018] l1_loss: 0.047272
[INFO] [2020-04-29 03:18:51,260] Training epoch 367
[INFO] [2020-04-29 03:19:32,987] Training epoch 368
[INFO] [2020-04-29 03:20:16,586] Training epoch 369
[INFO] [2020-04-29 03:21:00,312] Training epoch 370
[INFO] [2020-04-29 03:21:44,440] Training epoch 371
[INFO] [2020-04-29 03:22:13,747] 

[INFO] [2020-04-29 03:22:14,065] train step:   7800, epoch: 371, loss: 1.474700, lr: 0.005020
[INFO] [2020-04-29 03:22:14,069] bce_loss: 0.167049
[INFO] [2020-04-29 03:22:14,072] thresh_loss: 0.146775
[INFO] [2020-04-29 03:22:14,074] l1_loss: 0.049268
[INFO] [2020-04-29 03:22:27,768] Training epoch 372
[INFO] [2020-04-29 03:23:12,012] Training epoch 373
[INFO] [2020-04-29 03:23:55,472] Training epoch 374
[INFO] [2020-04-29 03:24:38,739] Training epoch 375
[INFO] [2020-04-29 03:25:22,906] Training epoch 376
[INFO] [2020-04-29 03:25:44,374] 

[INFO] [2020-04-29 03:25:44,694] train step:   7900, epoch: 376, loss: 1.378316, lr: 0.004992
[INFO] [2020-04-29 03:25:44,695] bce_loss: 0.154295
[INFO] [2020-04-29 03:25:44,695] thresh_loss: 0.133754
[INFO] [2020-04-29 03:25:44,696] l1_loss: 0.047309
[INFO] [2020-04-29 03:26:06,038] Training epoch 377
[INFO] [2020-04-29 03:26:49,248] Training epoch 378
[INFO] [2020-04-29 03:27:32,082] Training epoch 379
[INFO] [2020-04-29 03:28:16,116] Training epoch 380
[INFO] [2020-04-29 03:28:58,303] 

[INFO] [2020-04-29 03:28:58,627] train step:   8000, epoch: 380, loss: 1.475790, lr: 0.004971
[INFO] [2020-04-29 03:28:58,628] bce_loss: 0.172336
[INFO] [2020-04-29 03:28:58,628] thresh_loss: 0.147609
[INFO] [2020-04-29 03:28:58,629] l1_loss: 0.046650
[INFO] [2020-04-29 03:28:58,683] Training epoch 381
[INFO] [2020-04-29 03:29:40,500] Training epoch 382
[INFO] [2020-04-29 03:30:23,199] Training epoch 383
[INFO] [2020-04-29 03:31:05,596] Training epoch 384
[INFO] [2020-04-29 03:31:47,936] Training epoch 385
[INFO] [2020-04-29 03:32:25,487] 

[INFO] [2020-04-29 03:32:25,808] train step:   8100, epoch: 385, loss: 1.456049, lr: 0.004943
[INFO] [2020-04-29 03:32:25,808] bce_loss: 0.165429
[INFO] [2020-04-29 03:32:25,809] thresh_loss: 0.142852
[INFO] [2020-04-29 03:32:25,809] l1_loss: 0.048605
[INFO] [2020-04-29 03:32:31,768] Training epoch 386
[INFO] [2020-04-29 03:33:14,668] Training epoch 387
[INFO] [2020-04-29 03:33:57,741] Training epoch 388
[INFO] [2020-04-29 03:34:40,228] Training epoch 389
[INFO] [2020-04-29 03:35:23,344] Training epoch 390
[INFO] [2020-04-29 03:35:53,658] 

[INFO] [2020-04-29 03:35:53,945] train step:   8200, epoch: 390, loss: 1.509361, lr: 0.004916
[INFO] [2020-04-29 03:35:53,947] bce_loss: 0.171483
[INFO] [2020-04-29 03:35:53,947] thresh_loss: 0.149917
[INFO] [2020-04-29 03:35:53,947] l1_loss: 0.050203
[INFO] [2020-04-29 03:36:06,381] Training epoch 391
[INFO] [2020-04-29 03:36:49,846] Training epoch 392
[INFO] [2020-04-29 03:37:32,833] Training epoch 393
[INFO] [2020-04-29 03:38:14,895] Training epoch 394
[INFO] [2020-04-29 03:38:58,254] Training epoch 395
[INFO] [2020-04-29 03:39:19,654] 

[INFO] [2020-04-29 03:39:19,963] train step:   8300, epoch: 395, loss: 1.484276, lr: 0.004889
[INFO] [2020-04-29 03:39:19,966] bce_loss: 0.170417
[INFO] [2020-04-29 03:39:19,966] thresh_loss: 0.142953
[INFO] [2020-04-29 03:39:19,967] l1_loss: 0.048924
[INFO] [2020-04-29 03:39:40,757] Training epoch 396
[INFO] [2020-04-29 03:40:22,958] Training epoch 397
[INFO] [2020-04-29 03:41:06,971] Training epoch 398
[INFO] [2020-04-29 03:41:49,930] Training epoch 399
[INFO] [2020-04-29 03:42:33,155] Training epoch 400
[INFO] [2020-04-29 03:42:48,127] 

[INFO] [2020-04-29 03:42:48,404] train step:   8400, epoch: 400, loss: 1.420151, lr: 0.004862
[INFO] [2020-04-29 03:42:48,409] bce_loss: 0.166195
[INFO] [2020-04-29 03:42:48,410] thresh_loss: 0.144182
[INFO] [2020-04-29 03:42:48,410] l1_loss: 0.044499
[INFO] [2020-04-29 03:43:16,594] Training epoch 401
[INFO] [2020-04-29 03:43:59,032] Training epoch 402
[INFO] [2020-04-29 03:44:41,995] Training epoch 403
[INFO] [2020-04-29 03:45:25,253] Training epoch 404
[INFO] [2020-04-29 03:46:04,488] 

[INFO] [2020-04-29 03:46:04,810] train step:   8500, epoch: 404, loss: 1.346000, lr: 0.004840
[INFO] [2020-04-29 03:46:04,811] bce_loss: 0.151172
[INFO] [2020-04-29 03:46:04,811] thresh_loss: 0.135210
[INFO] [2020-04-29 03:46:04,811] l1_loss: 0.045493
[INFO] [2020-04-29 03:46:09,647] Training epoch 405
[INFO] [2020-04-29 03:46:51,922] Training epoch 406
[INFO] [2020-04-29 03:47:36,371] Training epoch 407
[INFO] [2020-04-29 03:48:18,038] Training epoch 408
[INFO] [2020-04-29 03:49:00,922] Training epoch 409
[INFO] [2020-04-29 03:49:32,631] 

[INFO] [2020-04-29 03:49:32,940] train step:   8600, epoch: 409, loss: 1.560706, lr: 0.004812
[INFO] [2020-04-29 03:49:32,941] bce_loss: 0.183984
[INFO] [2020-04-29 03:49:32,941] thresh_loss: 0.158858
[INFO] [2020-04-29 03:49:32,942] l1_loss: 0.048193
[INFO] [2020-04-29 03:49:44,275] Training epoch 410
[INFO] [2020-04-29 03:50:26,634] Training epoch 411
[INFO] [2020-04-29 03:51:09,413] Training epoch 412
[INFO] [2020-04-29 03:51:51,404] Training epoch 413
[INFO] [2020-04-29 03:52:35,042] Training epoch 414
[INFO] [2020-04-29 03:52:57,380] 

[INFO] [2020-04-29 03:52:57,698] train step:   8700, epoch: 414, loss: 1.364226, lr: 0.004785
[INFO] [2020-04-29 03:52:57,700] bce_loss: 0.155923
[INFO] [2020-04-29 03:52:57,701] thresh_loss: 0.136300
[INFO] [2020-04-29 03:52:57,701] l1_loss: 0.044831
[INFO] [2020-04-29 03:53:17,378] Training epoch 415
[INFO] [2020-04-29 03:54:01,498] Training epoch 416
[INFO] [2020-04-29 03:54:44,217] Training epoch 417
[INFO] [2020-04-29 03:55:27,041] Training epoch 418
[INFO] [2020-04-29 03:56:09,838] Training epoch 419
[INFO] [2020-04-29 03:56:25,906] 

[INFO] [2020-04-29 03:56:26,147] train step:   8800, epoch: 419, loss: 1.579996, lr: 0.004758
[INFO] [2020-04-29 03:56:26,149] bce_loss: 0.185354
[INFO] [2020-04-29 03:56:26,150] thresh_loss: 0.158516
[INFO] [2020-04-29 03:56:26,150] l1_loss: 0.049471
[INFO] [2020-04-29 03:56:52,287] Training epoch 420
[INFO] [2020-04-29 03:57:34,952] Training epoch 421
[INFO] [2020-04-29 03:58:19,177] Training epoch 422
[INFO] [2020-04-29 03:59:01,691] Training epoch 423
[INFO] [2020-04-29 03:59:40,830] 

[INFO] [2020-04-29 03:59:41,152] train step:   8900, epoch: 423, loss: 1.375985, lr: 0.004736
[INFO] [2020-04-29 03:59:41,153] bce_loss: 0.159169
[INFO] [2020-04-29 03:59:41,154] thresh_loss: 0.135218
[INFO] [2020-04-29 03:59:41,154] l1_loss: 0.044492
[INFO] [2020-04-29 03:59:44,638] Training epoch 424
[INFO] [2020-04-29 04:00:26,576] Training epoch 425
[INFO] [2020-04-29 04:01:09,806] Training epoch 426
[INFO] [2020-04-29 04:01:52,611] Training epoch 427
[INFO] [2020-04-29 04:02:36,009] Training epoch 428
[INFO] [2020-04-29 04:03:09,321] 

[INFO] [2020-04-29 04:03:09,631] train step:   9000, epoch: 428, loss: 1.438759, lr: 0.004708
[INFO] [2020-04-29 04:03:09,632] bce_loss: 0.163488
[INFO] [2020-04-29 04:03:09,633] thresh_loss: 0.144742
[INFO] [2020-04-29 04:03:09,633] l1_loss: 0.047658
[INFO] [2020-04-29 04:03:19,741] Training epoch 429
[INFO] [2020-04-29 04:04:01,901] Training epoch 430
[INFO] [2020-04-29 04:04:44,443] Training epoch 431
[INFO] [2020-04-29 04:05:27,160] Training epoch 432
[INFO] [2020-04-29 04:06:10,332] Training epoch 433
[INFO] [2020-04-29 04:06:36,201] 

[INFO] [2020-04-29 04:06:36,514] train step:   9100, epoch: 433, loss: 1.379437, lr: 0.004681
[INFO] [2020-04-29 04:06:36,530] bce_loss: 0.160363
[INFO] [2020-04-29 04:06:36,531] thresh_loss: 0.137060
[INFO] [2020-04-29 04:06:36,532] l1_loss: 0.044056
[INFO] [2020-04-29 04:06:54,551] Training epoch 434
[INFO] [2020-04-29 04:07:37,709] Training epoch 435
[INFO] [2020-04-29 04:08:19,714] Training epoch 436
[INFO] [2020-04-29 04:09:02,260] Training epoch 437
[INFO] [2020-04-29 04:09:45,794] Training epoch 438
[INFO] [2020-04-29 04:10:01,733] 

[INFO] [2020-04-29 04:10:02,019] train step:   9200, epoch: 438, loss: 1.415971, lr: 0.004654
[INFO] [2020-04-29 04:10:02,052] bce_loss: 0.163817
[INFO] [2020-04-29 04:10:02,055] thresh_loss: 0.145237
[INFO] [2020-04-29 04:10:02,057] l1_loss: 0.045165
[INFO] [2020-04-29 04:10:26,774] Training epoch 439
[INFO] [2020-04-29 04:11:09,997] Training epoch 440
[INFO] [2020-04-29 04:11:52,992] Training epoch 441
[INFO] [2020-04-29 04:12:37,379] Training epoch 442
[INFO] [2020-04-29 04:13:16,703] 

[INFO] [2020-04-29 04:13:17,024] train step:   9300, epoch: 442, loss: 1.432082, lr: 0.004632
[INFO] [2020-04-29 04:13:17,025] bce_loss: 0.166896
[INFO] [2020-04-29 04:13:17,025] thresh_loss: 0.142429
[INFO] [2020-04-29 04:13:17,025] l1_loss: 0.045517
[INFO] [2020-04-29 04:13:19,283] Training epoch 443
[INFO] [2020-04-29 04:14:03,111] Training epoch 444
[INFO] [2020-04-29 04:14:47,086] Training epoch 445
[INFO] [2020-04-29 04:15:29,699] Training epoch 446
[INFO] [2020-04-29 04:16:13,080] Training epoch 447
[INFO] [2020-04-29 04:16:48,337] 

[INFO] [2020-04-29 04:16:48,650] train step:   9400, epoch: 447, loss: 1.424303, lr: 0.004604
[INFO] [2020-04-29 04:16:48,651] bce_loss: 0.164826
[INFO] [2020-04-29 04:16:48,651] thresh_loss: 0.142142
[INFO] [2020-04-29 04:16:48,651] l1_loss: 0.045803
[INFO] [2020-04-29 04:16:57,222] Training epoch 448
[INFO] [2020-04-29 04:17:40,626] Training epoch 449
[INFO] [2020-04-29 04:18:24,703] Training epoch 450
[INFO] [2020-04-29 04:19:07,414] Training epoch 451
[INFO] [2020-04-29 04:19:50,510] Training epoch 452
[INFO] [2020-04-29 04:20:18,073] 

[INFO] [2020-04-29 04:20:18,387] train step:   9500, epoch: 452, loss: 1.398873, lr: 0.004577
[INFO] [2020-04-29 04:20:18,389] bce_loss: 0.157369
[INFO] [2020-04-29 04:20:18,390] thresh_loss: 0.132862
[INFO] [2020-04-29 04:20:18,390] l1_loss: 0.047917
[INFO] [2020-04-29 04:20:33,299] Training epoch 453
[INFO] [2020-04-29 04:21:15,838] Training epoch 454
[INFO] [2020-04-29 04:21:59,465] Training epoch 455
[INFO] [2020-04-29 04:22:43,148] Training epoch 456
[INFO] [2020-04-29 04:23:25,875] Training epoch 457
[INFO] [2020-04-29 04:23:43,506] 

[INFO] [2020-04-29 04:23:43,823] train step:   9600, epoch: 457, loss: 1.357916, lr: 0.004549
[INFO] [2020-04-29 04:23:43,827] bce_loss: 0.155604
[INFO] [2020-04-29 04:23:43,829] thresh_loss: 0.132910
[INFO] [2020-04-29 04:23:43,830] l1_loss: 0.044699
[INFO] [2020-04-29 04:24:08,580] Training epoch 458
[INFO] [2020-04-29 04:24:50,839] Training epoch 459
[INFO] [2020-04-29 04:25:34,208] Training epoch 460
[INFO] [2020-04-29 04:26:16,989] Training epoch 461
[INFO] [2020-04-29 04:26:59,103] 

[INFO] [2020-04-29 04:26:59,422] train step:   9700, epoch: 461, loss: 1.452573, lr: 0.004527
[INFO] [2020-04-29 04:26:59,423] bce_loss: 0.168740
[INFO] [2020-04-29 04:26:59,423] thresh_loss: 0.146375
[INFO] [2020-04-29 04:26:59,424] l1_loss: 0.046250
[INFO] [2020-04-29 04:27:00,367] Training epoch 462
[INFO] [2020-04-29 04:27:44,432] Training epoch 463
[INFO] [2020-04-29 04:28:27,614] Training epoch 464
[INFO] [2020-04-29 04:29:10,306] Training epoch 465
[INFO] [2020-04-29 04:29:53,608] Training epoch 466
[INFO] [2020-04-29 04:30:27,992] 

[INFO] [2020-04-29 04:30:28,308] train step:   9800, epoch: 466, loss: 1.374589, lr: 0.004500
[INFO] [2020-04-29 04:30:28,311] bce_loss: 0.159366
[INFO] [2020-04-29 04:30:28,312] thresh_loss: 0.137934
[INFO] [2020-04-29 04:30:28,312] l1_loss: 0.043983
[INFO] [2020-04-29 04:30:35,769] Training epoch 467
[INFO] [2020-04-29 04:31:17,942] Training epoch 468
[INFO] [2020-04-29 04:32:01,918] Training epoch 469
[INFO] [2020-04-29 04:32:46,006] Training epoch 470
[INFO] [2020-04-29 04:33:28,683] Training epoch 471
[INFO] [2020-04-29 04:33:58,545] 

[INFO] [2020-04-29 04:33:58,868] train step:   9900, epoch: 471, loss: 1.460482, lr: 0.004472
[INFO] [2020-04-29 04:33:58,894] bce_loss: 0.164823
[INFO] [2020-04-29 04:33:58,899] thresh_loss: 0.137215
[INFO] [2020-04-29 04:33:58,920] l1_loss: 0.049915
[INFO] [2020-04-29 04:34:12,737] Training epoch 472
[INFO] [2020-04-29 04:34:54,759] Training epoch 473
[INFO] [2020-04-29 04:35:37,958] Training epoch 474
[INFO] [2020-04-29 04:36:22,181] Training epoch 475
[INFO] [2020-04-29 04:37:04,645] Training epoch 476
[INFO] [2020-04-29 04:37:23,663] 

[INFO] [2020-04-29 04:37:23,932] train step:  10000, epoch: 476, loss: 1.452532, lr: 0.004444
[INFO] [2020-04-29 04:37:23,933] bce_loss: 0.170243
[INFO] [2020-04-29 04:37:23,934] thresh_loss: 0.148539
[INFO] [2020-04-29 04:37:23,934] l1_loss: 0.045278
[INFO] [2020-04-29 04:37:46,832] Training epoch 477
[INFO] [2020-04-29 04:38:29,315] Training epoch 478
[INFO] [2020-04-29 04:39:11,763] Training epoch 479
[INFO] [2020-04-29 04:39:54,666] Training epoch 480
[INFO] [2020-04-29 04:40:38,617] 

[INFO] [2020-04-29 04:40:38,936] train step:  10100, epoch: 480, loss: 1.426275, lr: 0.004422
[INFO] [2020-04-29 04:40:38,937] bce_loss: 0.164954
[INFO] [2020-04-29 04:40:38,937] thresh_loss: 0.140783
[INFO] [2020-04-29 04:40:38,938] l1_loss: 0.046072
[INFO] [2020-04-29 04:40:38,988] Training epoch 481
[INFO] [2020-04-29 04:41:22,953] Training epoch 482
[INFO] [2020-04-29 04:42:05,515] Training epoch 483
[INFO] [2020-04-29 04:42:49,512] Training epoch 484
[INFO] [2020-04-29 04:43:33,613] Training epoch 485
[INFO] [2020-04-29 04:44:10,163] 

[INFO] [2020-04-29 04:44:10,482] train step:  10200, epoch: 485, loss: 1.405740, lr: 0.004395
[INFO] [2020-04-29 04:44:10,483] bce_loss: 0.160661
[INFO] [2020-04-29 04:44:10,484] thresh_loss: 0.137915
[INFO] [2020-04-29 04:44:10,484] l1_loss: 0.046452
[INFO] [2020-04-29 04:44:16,601] Training epoch 486
[INFO] [2020-04-29 04:44:59,266] Training epoch 487
[INFO] [2020-04-29 04:45:40,748] Training epoch 488
[INFO] [2020-04-29 04:46:24,228] Training epoch 489
[INFO] [2020-04-29 04:47:07,575] Training epoch 490
[INFO] [2020-04-29 04:47:38,477] 

[INFO] [2020-04-29 04:47:38,764] train step:  10300, epoch: 490, loss: 1.368535, lr: 0.004367
[INFO] [2020-04-29 04:47:38,768] bce_loss: 0.155625
[INFO] [2020-04-29 04:47:38,770] thresh_loss: 0.134139
[INFO] [2020-04-29 04:47:38,772] l1_loss: 0.045627
[INFO] [2020-04-29 04:47:51,137] Training epoch 491
[INFO] [2020-04-29 04:48:35,433] Training epoch 492
[INFO] [2020-04-29 04:49:19,144] Training epoch 493
[INFO] [2020-04-29 04:50:02,160] Training epoch 494
[INFO] [2020-04-29 04:50:44,743] Training epoch 495
[INFO] [2020-04-29 04:51:07,832] 

[INFO] [2020-04-29 04:51:08,153] train step:  10400, epoch: 495, loss: 1.351528, lr: 0.004339
[INFO] [2020-04-29 04:51:08,170] bce_loss: 0.154145
[INFO] [2020-04-29 04:51:08,174] thresh_loss: 0.139994
[INFO] [2020-04-29 04:51:08,177] l1_loss: 0.044081
[INFO] [2020-04-29 04:51:29,051] Training epoch 496
[INFO] [2020-04-29 04:52:12,886] Training epoch 497
[INFO] [2020-04-29 04:52:55,391] Training epoch 498
[INFO] [2020-04-29 04:53:38,683] Training epoch 499
[INFO] [2020-04-29 04:54:22,961] Training epoch 500
[INFO] [2020-04-29 04:54:38,261] 

[INFO] [2020-04-29 04:54:38,576] train step:  10500, epoch: 500, loss: 1.287341, lr: 0.004312
[INFO] [2020-04-29 04:54:38,578] bce_loss: 0.144765
[INFO] [2020-04-29 04:54:38,579] thresh_loss: 0.125559
[INFO] [2020-04-29 04:54:38,579] l1_loss: 0.043796
[INFO] [2020-04-29 04:55:05,913] Training epoch 501
[INFO] [2020-04-29 04:55:48,997] Training epoch 502
[INFO] [2020-04-29 04:56:31,900] Training epoch 503
[INFO] [2020-04-29 04:57:14,936] Training epoch 504
[INFO] [2020-04-29 04:57:51,945] 

[INFO] [2020-04-29 04:57:52,266] train step:  10600, epoch: 504, loss: 1.436347, lr: 0.004290
[INFO] [2020-04-29 04:57:52,267] bce_loss: 0.164551
[INFO] [2020-04-29 04:57:52,268] thresh_loss: 0.139938
[INFO] [2020-04-29 04:57:52,268] l1_loss: 0.047365
[INFO] [2020-04-29 04:57:57,010] Training epoch 505
[INFO] [2020-04-29 04:58:40,316] Training epoch 506
[INFO] [2020-04-29 04:59:22,817] Training epoch 507
[INFO] [2020-04-29 05:00:06,041] Training epoch 508
[INFO] [2020-04-29 05:00:50,802] Training epoch 509
[INFO] [2020-04-29 05:01:23,073] 

[INFO] [2020-04-29 05:01:23,371] train step:  10700, epoch: 509, loss: 1.451392, lr: 0.004262
[INFO] [2020-04-29 05:01:23,373] bce_loss: 0.168706
[INFO] [2020-04-29 05:01:23,373] thresh_loss: 0.147894
[INFO] [2020-04-29 05:01:23,373] l1_loss: 0.045997
[INFO] [2020-04-29 05:01:34,628] Training epoch 510
[INFO] [2020-04-29 05:02:16,871] Training epoch 511
[INFO] [2020-04-29 05:02:58,840] Training epoch 512
[INFO] [2020-04-29 05:03:41,976] Training epoch 513
[INFO] [2020-04-29 05:04:25,042] Training epoch 514
[INFO] [2020-04-29 05:04:47,106] 

[INFO] [2020-04-29 05:04:47,418] train step:  10800, epoch: 514, loss: 1.295037, lr: 0.004234
[INFO] [2020-04-29 05:04:47,425] bce_loss: 0.147236
[INFO] [2020-04-29 05:04:47,427] thresh_loss: 0.125024
[INFO] [2020-04-29 05:04:47,429] l1_loss: 0.043383
[INFO] [2020-04-29 05:05:08,657] Training epoch 515
[INFO] [2020-04-29 05:05:50,958] Training epoch 516
[INFO] [2020-04-29 05:06:33,474] Training epoch 517
[INFO] [2020-04-29 05:07:17,882] Training epoch 518
[INFO] [2020-04-29 05:08:00,892] Training epoch 519
[INFO] [2020-04-29 05:08:17,008] 

[INFO] [2020-04-29 05:08:17,334] train step:  10900, epoch: 519, loss: 1.333646, lr: 0.004206
[INFO] [2020-04-29 05:08:17,345] bce_loss: 0.152992
[INFO] [2020-04-29 05:08:17,349] thresh_loss: 0.129593
[INFO] [2020-04-29 05:08:17,351] l1_loss: 0.043909
[INFO] [2020-04-29 05:08:44,385] Training epoch 520
[INFO] [2020-04-29 05:09:28,414] Training epoch 521
[INFO] [2020-04-29 05:10:12,374] Training epoch 522
[INFO] [2020-04-29 05:10:56,329] Training epoch 523
[INFO] [2020-04-29 05:11:35,548] 

[INFO] [2020-04-29 05:11:35,870] train step:  11000, epoch: 523, loss: 1.364995, lr: 0.004184
[INFO] [2020-04-29 05:11:35,871] bce_loss: 0.156714
[INFO] [2020-04-29 05:11:35,871] thresh_loss: 0.136252
[INFO] [2020-04-29 05:11:35,872] l1_loss: 0.044517
[INFO] [2020-04-29 05:11:39,472] Training epoch 524
[INFO] [2020-04-29 05:12:23,207] Training epoch 525
[INFO] [2020-04-29 05:13:08,147] Training epoch 526
[INFO] [2020-04-29 05:13:51,341] Training epoch 527
[INFO] [2020-04-29 05:14:35,683] Training epoch 528
[INFO] [2020-04-29 05:15:09,345] 

[INFO] [2020-04-29 05:15:09,670] train step:  11100, epoch: 528, loss: 1.396858, lr: 0.004156
[INFO] [2020-04-29 05:15:09,683] bce_loss: 0.162215
[INFO] [2020-04-29 05:15:09,690] thresh_loss: 0.135389
[INFO] [2020-04-29 05:15:09,697] l1_loss: 0.045040
[INFO] [2020-04-29 05:15:19,549] Training epoch 529
[INFO] [2020-04-29 05:16:02,287] Training epoch 530
[INFO] [2020-04-29 05:16:46,011] Training epoch 531
[INFO] [2020-04-29 05:17:27,784] Training epoch 532
[INFO] [2020-04-29 05:18:11,879] Training epoch 533
[INFO] [2020-04-29 05:18:36,624] 

[INFO] [2020-04-29 05:18:36,938] train step:  11200, epoch: 533, loss: 1.444198, lr: 0.004129
[INFO] [2020-04-29 05:18:36,941] bce_loss: 0.167821
[INFO] [2020-04-29 05:18:36,941] thresh_loss: 0.145470
[INFO] [2020-04-29 05:18:36,942] l1_loss: 0.045962
[INFO] [2020-04-29 05:18:54,906] Training epoch 534
[INFO] [2020-04-29 05:19:37,447] Training epoch 535
[INFO] [2020-04-29 05:20:20,614] Training epoch 536
[INFO] [2020-04-29 05:21:04,401] Training epoch 537
[INFO] [2020-04-29 05:21:48,354] Training epoch 538
[INFO] [2020-04-29 05:22:07,198] 

[INFO] [2020-04-29 05:22:07,502] train step:  11300, epoch: 538, loss: 1.380863, lr: 0.004101
[INFO] [2020-04-29 05:22:07,518] bce_loss: 0.160128
[INFO] [2020-04-29 05:22:07,535] thresh_loss: 0.135618
[INFO] [2020-04-29 05:22:07,537] l1_loss: 0.044461
[INFO] [2020-04-29 05:22:32,598] Training epoch 539
[INFO] [2020-04-29 05:23:15,110] Training epoch 540
[INFO] [2020-04-29 05:23:58,968] Training epoch 541
[INFO] [2020-04-29 05:24:43,307] Training epoch 542
[INFO] [2020-04-29 05:25:23,365] 

[INFO] [2020-04-29 05:25:23,686] train step:  11400, epoch: 542, loss: 1.371708, lr: 0.004079
[INFO] [2020-04-29 05:25:23,687] bce_loss: 0.159677
[INFO] [2020-04-29 05:25:23,687] thresh_loss: 0.138723
[INFO] [2020-04-29 05:25:23,688] l1_loss: 0.043460
[INFO] [2020-04-29 05:25:25,959] Training epoch 543
[INFO] [2020-04-29 05:26:09,808] Training epoch 544
[INFO] [2020-04-29 05:26:51,179] Training epoch 545
[INFO] [2020-04-29 05:27:34,171] Training epoch 546
[INFO] [2020-04-29 05:28:16,771] Training epoch 547
[INFO] [2020-04-29 05:28:50,659] 

[INFO] [2020-04-29 05:28:50,974] train step:  11500, epoch: 547, loss: 1.377119, lr: 0.004051
[INFO] [2020-04-29 05:28:50,984] bce_loss: 0.157724
[INFO] [2020-04-29 05:28:50,996] thresh_loss: 0.135588
[INFO] [2020-04-29 05:28:51,007] l1_loss: 0.045291
[INFO] [2020-04-29 05:28:59,782] Training epoch 548
[INFO] [2020-04-29 05:29:41,783] Training epoch 549
[INFO] [2020-04-29 05:30:23,985] Training epoch 550
[INFO] [2020-04-29 05:31:07,337] Training epoch 551
[INFO] [2020-04-29 05:31:49,782] Training epoch 552
[INFO] [2020-04-29 05:32:17,347] 

[INFO] [2020-04-29 05:32:17,657] train step:  11600, epoch: 552, loss: 1.273480, lr: 0.004023
[INFO] [2020-04-29 05:32:17,658] bce_loss: 0.144575
[INFO] [2020-04-29 05:32:17,658] thresh_loss: 0.123144
[INFO] [2020-04-29 05:32:17,659] l1_loss: 0.042746
[INFO] [2020-04-29 05:32:32,730] Training epoch 553
[INFO] [2020-04-29 05:33:16,005] Training epoch 554
[INFO] [2020-04-29 05:33:58,913] Training epoch 555
[INFO] [2020-04-29 05:34:42,263] Training epoch 556
[INFO] [2020-04-29 05:35:24,521] Training epoch 557
[INFO] [2020-04-29 05:35:44,403] 

[INFO] [2020-04-29 05:35:44,712] train step:  11700, epoch: 557, loss: 1.390696, lr: 0.003995
[INFO] [2020-04-29 05:35:44,720] bce_loss: 0.158314
[INFO] [2020-04-29 05:35:44,721] thresh_loss: 0.135828
[INFO] [2020-04-29 05:35:44,721] l1_loss: 0.046330
[INFO] [2020-04-29 05:36:07,886] Training epoch 558
[INFO] [2020-04-29 05:36:50,319] Training epoch 559
[INFO] [2020-04-29 05:37:33,304] Training epoch 560
[INFO] [2020-04-29 05:38:16,156] Training epoch 561
[INFO] [2020-04-29 05:38:58,131] 

[INFO] [2020-04-29 05:38:58,453] train step:  11800, epoch: 561, loss: 1.188351, lr: 0.003973
[INFO] [2020-04-29 05:38:58,453] bce_loss: 0.133443
[INFO] [2020-04-29 05:38:58,454] thresh_loss: 0.117874
[INFO] [2020-04-29 05:38:58,454] l1_loss: 0.040326
[INFO] [2020-04-29 05:38:59,395] Training epoch 562
[INFO] [2020-04-29 05:39:42,456] Training epoch 563
[INFO] [2020-04-29 05:40:26,387] Training epoch 564
[INFO] [2020-04-29 05:41:08,233] Training epoch 565
[INFO] [2020-04-29 05:41:50,404] Training epoch 566
[INFO] [2020-04-29 05:42:26,555] 

[INFO] [2020-04-29 05:42:26,876] train step:  11900, epoch: 566, loss: 1.417963, lr: 0.003945
[INFO] [2020-04-29 05:42:26,877] bce_loss: 0.166489
[INFO] [2020-04-29 05:42:26,877] thresh_loss: 0.140835
[INFO] [2020-04-29 05:42:26,877] l1_loss: 0.044469
[INFO] [2020-04-29 05:42:34,100] Training epoch 567
[INFO] [2020-04-29 05:43:16,379] Training epoch 568
[INFO] [2020-04-29 05:44:00,880] Training epoch 569
[INFO] [2020-04-29 05:44:44,291] Training epoch 570
[INFO] [2020-04-29 05:45:28,222] Training epoch 571
[INFO] [2020-04-29 05:45:58,227] 

[INFO] [2020-04-29 05:45:58,526] train step:  12000, epoch: 571, loss: 1.343381, lr: 0.003917
[INFO] [2020-04-29 05:45:58,528] bce_loss: 0.153956
[INFO] [2020-04-29 05:45:58,528] thresh_loss: 0.132079
[INFO] [2020-04-29 05:45:58,529] l1_loss: 0.044152
[INFO] [2020-04-29 05:46:12,654] Training epoch 572
[INFO] [2020-04-29 05:46:54,257] Training epoch 573
[INFO] [2020-04-29 05:47:38,418] Training epoch 574
[INFO] [2020-04-29 05:48:21,862] Training epoch 575
[INFO] [2020-04-29 05:49:05,906] Training epoch 576
[INFO] [2020-04-29 05:49:26,788] 

[INFO] [2020-04-29 05:49:27,072] train step:  12100, epoch: 576, loss: 1.291368, lr: 0.003889
[INFO] [2020-04-29 05:49:27,076] bce_loss: 0.143887
[INFO] [2020-04-29 05:49:27,076] thresh_loss: 0.123785
[INFO] [2020-04-29 05:49:27,077] l1_loss: 0.044815
[INFO] [2020-04-29 05:49:48,885] Training epoch 577
[INFO] [2020-04-29 05:50:32,103] Training epoch 578
[INFO] [2020-04-29 05:51:17,399] Training epoch 579
[INFO] [2020-04-29 05:52:01,062] Training epoch 580
[INFO] [2020-04-29 05:52:45,181] 

[INFO] [2020-04-29 05:52:45,504] train step:  12200, epoch: 580, loss: 1.335408, lr: 0.003866
[INFO] [2020-04-29 05:52:45,505] bce_loss: 0.151850
[INFO] [2020-04-29 05:52:45,505] thresh_loss: 0.130718
[INFO] [2020-04-29 05:52:45,505] l1_loss: 0.044544
[INFO] [2020-04-29 05:52:45,558] Training epoch 581
[INFO] [2020-04-29 05:53:28,478] Training epoch 582
[INFO] [2020-04-29 05:54:12,045] Training epoch 583
[INFO] [2020-04-29 05:54:55,246] Training epoch 584
[INFO] [2020-04-29 05:55:38,582] Training epoch 585
[INFO] [2020-04-29 05:56:14,653] 

[INFO] [2020-04-29 05:56:14,974] train step:  12300, epoch: 585, loss: 1.338795, lr: 0.003838
[INFO] [2020-04-29 05:56:14,975] bce_loss: 0.153835
[INFO] [2020-04-29 05:56:14,975] thresh_loss: 0.132048
[INFO] [2020-04-29 05:56:14,975] l1_loss: 0.043757
[INFO] [2020-04-29 05:56:20,997] Training epoch 586
[INFO] [2020-04-29 05:57:04,416] Training epoch 587
[INFO] [2020-04-29 05:57:46,877] Training epoch 588
[INFO] [2020-04-29 05:58:30,047] Training epoch 589
[INFO] [2020-04-29 05:59:12,920] Training epoch 590
[INFO] [2020-04-29 05:59:43,866] 

[INFO] [2020-04-29 05:59:44,184] train step:  12400, epoch: 590, loss: 1.290111, lr: 0.003810
[INFO] [2020-04-29 05:59:44,187] bce_loss: 0.149288
[INFO] [2020-04-29 05:59:44,188] thresh_loss: 0.128579
[INFO] [2020-04-29 05:59:44,188] l1_loss: 0.041509
[INFO] [2020-04-29 05:59:56,798] Training epoch 591
[INFO] [2020-04-29 06:00:41,379] Training epoch 592
[INFO] [2020-04-29 06:01:23,705] Training epoch 593
[INFO] [2020-04-29 06:02:07,596] Training epoch 594
[INFO] [2020-04-29 06:02:51,263] Training epoch 595
[INFO] [2020-04-29 06:03:13,316] 

[INFO] [2020-04-29 06:03:13,620] train step:  12500, epoch: 595, loss: 1.310608, lr: 0.003782
[INFO] [2020-04-29 06:03:13,624] bce_loss: 0.152743
[INFO] [2020-04-29 06:03:13,625] thresh_loss: 0.134374
[INFO] [2020-04-29 06:03:13,625] l1_loss: 0.041252
[INFO] [2020-04-29 06:03:34,685] Training epoch 596
[INFO] [2020-04-29 06:04:18,040] Training epoch 597
[INFO] [2020-04-29 06:05:00,856] Training epoch 598
[INFO] [2020-04-29 06:05:44,288] Training epoch 599
[INFO] [2020-04-29 06:06:26,808] Training epoch 600
[INFO] [2020-04-29 06:06:40,830] 

[INFO] [2020-04-29 06:06:41,093] train step:  12600, epoch: 600, loss: 1.319356, lr: 0.003754
[INFO] [2020-04-29 06:06:41,097] bce_loss: 0.151089
[INFO] [2020-04-29 06:06:41,097] thresh_loss: 0.126801
[INFO] [2020-04-29 06:06:41,098] l1_loss: 0.043711
[INFO] [2020-04-29 06:07:10,597] Training epoch 601
[INFO] [2020-04-29 06:07:53,308] Training epoch 602
[INFO] [2020-04-29 06:08:36,788] Training epoch 603
[INFO] [2020-04-29 06:09:19,151] Training epoch 604
[INFO] [2020-04-29 06:09:56,395] 

[INFO] [2020-04-29 06:09:56,717] train step:  12700, epoch: 604, loss: 1.249398, lr: 0.003732
[INFO] [2020-04-29 06:09:56,718] bce_loss: 0.139794
[INFO] [2020-04-29 06:09:56,719] thresh_loss: 0.125018
[INFO] [2020-04-29 06:09:56,719] l1_loss: 0.042541
[INFO] [2020-04-29 06:10:01,503] Training epoch 605
[INFO] [2020-04-29 06:10:45,540] Training epoch 606
[INFO] [2020-04-29 06:11:28,821] Training epoch 607
[INFO] [2020-04-29 06:12:10,975] Training epoch 608
[INFO] [2020-04-29 06:12:54,977] Training epoch 609
[INFO] [2020-04-29 06:13:27,192] 

[INFO] [2020-04-29 06:13:27,518] train step:  12800, epoch: 609, loss: 1.354218, lr: 0.003703
[INFO] [2020-04-29 06:13:27,521] bce_loss: 0.156139
[INFO] [2020-04-29 06:13:27,522] thresh_loss: 0.135899
[INFO] [2020-04-29 06:13:27,522] l1_loss: 0.043762
[INFO] [2020-04-29 06:13:38,773] Training epoch 610
[INFO] [2020-04-29 06:14:20,271] Training epoch 611
[INFO] [2020-04-29 06:15:04,113] Training epoch 612
[INFO] [2020-04-29 06:15:47,855] Training epoch 613
[INFO] [2020-04-29 06:16:30,907] Training epoch 614
[INFO] [2020-04-29 06:16:54,450] 

[INFO] [2020-04-29 06:16:54,637] train step:  12900, epoch: 614, loss: 1.370852, lr: 0.003675
[INFO] [2020-04-29 06:16:54,648] bce_loss: 0.156691
[INFO] [2020-04-29 06:16:54,652] thresh_loss: 0.135774
[INFO] [2020-04-29 06:16:54,652] l1_loss: 0.045162
[INFO] [2020-04-29 06:17:13,363] Training epoch 615
[INFO] [2020-04-29 06:17:55,679] Training epoch 616
[INFO] [2020-04-29 06:18:39,480] Training epoch 617
[INFO] [2020-04-29 06:19:23,268] Training epoch 618
[INFO] [2020-04-29 06:20:08,280] Training epoch 619
[INFO] [2020-04-29 06:20:24,069] 

[INFO] [2020-04-29 06:20:24,377] train step:  13000, epoch: 619, loss: 1.256896, lr: 0.003647
[INFO] [2020-04-29 06:20:24,379] bce_loss: 0.141575
[INFO] [2020-04-29 06:20:24,379] thresh_loss: 0.122250
[INFO] [2020-04-29 06:20:24,379] l1_loss: 0.042677
[INFO] [2020-04-29 06:20:50,454] Training epoch 620
[INFO] [2020-04-29 06:21:34,285] Training epoch 621
[INFO] [2020-04-29 06:22:17,707] Training epoch 622
[INFO] [2020-04-29 06:22:59,673] Training epoch 623
[INFO] [2020-04-29 06:23:40,036] 

[INFO] [2020-04-29 06:23:40,355] train step:  13100, epoch: 623, loss: 1.324289, lr: 0.003624
[INFO] [2020-04-29 06:23:40,356] bce_loss: 0.152125
[INFO] [2020-04-29 06:23:40,357] thresh_loss: 0.128984
[INFO] [2020-04-29 06:23:40,357] l1_loss: 0.043468
[INFO] [2020-04-29 06:23:43,879] Training epoch 624
[INFO] [2020-04-29 06:24:25,926] Training epoch 625
[INFO] [2020-04-29 06:25:08,997] Training epoch 626
[INFO] [2020-04-29 06:25:51,581] Training epoch 627
[INFO] [2020-04-29 06:26:34,449] Training epoch 628
[INFO] [2020-04-29 06:27:07,436] 

[INFO] [2020-04-29 06:27:07,753] train step:  13200, epoch: 628, loss: 1.233703, lr: 0.003596
[INFO] [2020-04-29 06:27:07,770] bce_loss: 0.140053
[INFO] [2020-04-29 06:27:07,779] thresh_loss: 0.121208
[INFO] [2020-04-29 06:27:07,823] l1_loss: 0.041223
[INFO] [2020-04-29 06:27:17,641] Training epoch 629
[INFO] [2020-04-29 06:28:02,378] Training epoch 630
[INFO] [2020-04-29 06:28:44,753] Training epoch 631
[INFO] [2020-04-29 06:29:29,043] Training epoch 632
[INFO] [2020-04-29 06:30:12,980] Training epoch 633
[INFO] [2020-04-29 06:30:37,645] 

[INFO] [2020-04-29 06:30:37,956] train step:  13300, epoch: 633, loss: 1.386240, lr: 0.003568
[INFO] [2020-04-29 06:30:38,010] bce_loss: 0.161720
[INFO] [2020-04-29 06:30:38,015] thresh_loss: 0.138910
[INFO] [2020-04-29 06:30:38,021] l1_loss: 0.043873
[INFO] [2020-04-29 06:30:55,934] Training epoch 634
[INFO] [2020-04-29 06:31:39,056] Training epoch 635
[INFO] [2020-04-29 06:32:23,130] Training epoch 636
[INFO] [2020-04-29 06:33:05,855] Training epoch 637
[INFO] [2020-04-29 06:33:48,329] Training epoch 638
[INFO] [2020-04-29 06:34:06,015] 

[INFO] [2020-04-29 06:34:06,290] train step:  13400, epoch: 638, loss: 1.271134, lr: 0.003540
[INFO] [2020-04-29 06:34:06,307] bce_loss: 0.145614
[INFO] [2020-04-29 06:34:06,312] thresh_loss: 0.124253
[INFO] [2020-04-29 06:34:06,315] l1_loss: 0.041881
[INFO] [2020-04-29 06:34:31,325] Training epoch 639
[INFO] [2020-04-29 06:35:14,931] Training epoch 640
[INFO] [2020-04-29 06:35:58,391] Training epoch 641
[INFO] [2020-04-29 06:36:42,227] Training epoch 642
[INFO] [2020-04-29 06:37:21,849] 

[INFO] [2020-04-29 06:37:22,170] train step:  13500, epoch: 642, loss: 1.399155, lr: 0.003517
[INFO] [2020-04-29 06:37:22,171] bce_loss: 0.161043
[INFO] [2020-04-29 06:37:22,171] thresh_loss: 0.140144
[INFO] [2020-04-29 06:37:22,171] l1_loss: 0.045380
[INFO] [2020-04-29 06:37:24,419] Training epoch 643
[INFO] [2020-04-29 06:38:05,930] Training epoch 644
[INFO] [2020-04-29 06:38:49,792] Training epoch 645
[INFO] [2020-04-29 06:39:32,972] Training epoch 646
[INFO] [2020-04-29 06:40:16,416] Training epoch 647
[INFO] [2020-04-29 06:40:50,982] 

[INFO] [2020-04-29 06:40:51,313] train step:  13600, epoch: 647, loss: 1.259916, lr: 0.003489
[INFO] [2020-04-29 06:40:51,334] bce_loss: 0.144128
[INFO] [2020-04-29 06:40:51,339] thresh_loss: 0.122809
[INFO] [2020-04-29 06:40:51,343] l1_loss: 0.041647
[INFO] [2020-04-29 06:41:00,332] Training epoch 648
[INFO] [2020-04-29 06:41:44,989] Training epoch 649
[INFO] [2020-04-29 06:42:31,959] Training epoch 650
[INFO] [2020-04-29 06:43:16,372] Training epoch 651
[INFO] [2020-04-29 06:44:00,837] Training epoch 652
[INFO] [2020-04-29 06:44:30,993] 

[INFO] [2020-04-29 06:44:31,319] train step:  13700, epoch: 652, loss: 1.292290, lr: 0.003460
[INFO] [2020-04-29 06:44:31,322] bce_loss: 0.147922
[INFO] [2020-04-29 06:44:31,323] thresh_loss: 0.128165
[INFO] [2020-04-29 06:44:31,323] l1_loss: 0.042451
[INFO] [2020-04-29 06:44:46,472] Training epoch 653
[INFO] [2020-04-29 06:45:29,985] Training epoch 654
[INFO] [2020-04-29 06:46:15,760] Training epoch 655
[INFO] [2020-04-29 06:46:59,334] Training epoch 656
[INFO] [2020-04-29 06:47:44,300] Training epoch 657
[INFO] [2020-04-29 06:48:04,131] 

[INFO] [2020-04-29 06:48:04,445] train step:  13800, epoch: 657, loss: 1.278148, lr: 0.003432
[INFO] [2020-04-29 06:48:04,468] bce_loss: 0.147734
[INFO] [2020-04-29 06:48:04,474] thresh_loss: 0.126669
[INFO] [2020-04-29 06:48:04,480] l1_loss: 0.041281
[INFO] [2020-04-29 06:48:27,908] Training epoch 658
[INFO] [2020-04-29 06:49:13,617] Training epoch 659
[INFO] [2020-04-29 06:49:57,794] Training epoch 660
[INFO] [2020-04-29 06:50:40,838] Training epoch 661
[INFO] [2020-04-29 06:51:21,464] 

[INFO] [2020-04-29 06:51:21,790] train step:  13900, epoch: 661, loss: 1.251558, lr: 0.003409
[INFO] [2020-04-29 06:51:21,791] bce_loss: 0.143147
[INFO] [2020-04-29 06:51:21,792] thresh_loss: 0.121434
[INFO] [2020-04-29 06:51:21,792] l1_loss: 0.041439
[INFO] [2020-04-29 06:51:22,824] Training epoch 662
[INFO] [2020-04-29 06:52:06,509] Training epoch 663
[INFO] [2020-04-29 06:52:49,134] Training epoch 664
[INFO] [2020-04-29 06:53:35,083] Training epoch 665
